
11/28/2015, 8:39:54 PM

Operating System
  Name                        = Mac OS X
  Version                     = 10.10.4
  Architecture                = 64bit
  # CPUs                      = 2
  Memory                      = 8589934592

Node.js
  Node.js Version             = 0.12.7
  npm Version                 = 2.11.3

Titanium CLI
  CLI Version                 = 5.0.5

Titanium SDK
  SDK Version                 = 5.1.1.GA
  SDK Path                    = /Users/xdeveloper/Library/Application Support/Titanium/mobilesdk/osx/5.1.1.GA
  Target Platform             = iphone

Command
  /usr/local/bin/node /Users/xdeveloper/.appcelerator/install/5.1.0/package/node_modules/appc-cli-titanium/node_modules/titanium/bin/titanium build --platform ios --log-level trace --sdk 5.1.1.GA --project-dir /Users/xdeveloper/Desktop/Testing --target device --ios-version 8.4 --device-family iphone --developer-name CS Mac Lab (6X7M63YKUZ) --device-id 6d0ac65af170f758492b0ead6ee2df7214d0e439 --pp-uuid 5f85b158-939f-4d46-8930-3452f038b135 --no-colors --no-progress-bars --no-prompt --prompt-type socket-bundle --prompt-port 49598 --plugin-paths /Users/xdeveloper/.appcelerator/install/5.1.0/package/node_modules --config-file /var/folders/hk/mg13m0zn02d6gm6fs51s89280000gq/T/build-1448714390061.json --no-banner

[DEBUG]  Detecting modules in /Users/xdeveloper/Library/Application Support/Titanium/modules
[DEBUG]  Detected android module: facebook 4.0.5 @ /Users/xdeveloper/Library/Application Support/Titanium/modules/android/facebook/4.0.5
[DEBUG]  Detected android module: ti.cloudpush 3.4.0 @ /Users/xdeveloper/Library/Application Support/Titanium/modules/android/ti.cloudpush/3.4.0
[DEBUG]  Detected android module: ti.map 2.3.4 @ /Users/xdeveloper/Library/Application Support/Titanium/modules/android/ti.map/2.3.4
[DEBUG]  Detected commonjs module: ti.cloud 3.2.9 @ /Users/xdeveloper/Library/Application Support/Titanium/modules/commonjs/ti.cloud/3.2.9
[DEBUG]  Detected iphone module: com.appcelerator.urlSession 2.0.0 @ /Users/xdeveloper/Library/Application Support/Titanium/modules/iphone/com.appcelerator.urlSession/2.0.0
[DEBUG]  Detected iphone module: facebook 4.0.5 @ /Users/xdeveloper/Library/Application Support/Titanium/modules/iphone/facebook/4.0.5
[DEBUG]  Detected iphone module: ti.coremotion 1.1.0 @ /Users/xdeveloper/Library/Application Support/Titanium/modules/iphone/ti.coremotion/1.1.0
[DEBUG]  Detected iphone module: ti.map 2.4.1 @ /Users/xdeveloper/Library/Application Support/Titanium/modules/iphone/ti.map/2.4.1
[DEBUG]  Detected iphone module: ti.safaridialog 1.0.2 @ /Users/xdeveloper/Library/Application Support/Titanium/modules/iphone/ti.safaridialog/1.0.2
[DEBUG]  Detected iphone module: ti.touchid 1.2.0 @ /Users/xdeveloper/Library/Application Support/Titanium/modules/iphone/ti.touchid/1.2.0
[DEBUG]  Detecting modules in /Library/Application Support/Titanium/modules
[DEBUG]  Detected android module: com.appcelerator.apm 1.1.1 @ /Library/Application Support/Titanium/modules/android/com.appcelerator.apm/1.1.1
[DEBUG]  Detected android module: facebook 3.0.0 @ /Library/Application Support/Titanium/modules/android/facebook/3.0.0
[DEBUG]  Detected android module: facebook 3.0.3 @ /Library/Application Support/Titanium/modules/android/facebook/3.0.3
[DEBUG]  Detected android module: ti.cloudpush 2.0.7 @ /Library/Application Support/Titanium/modules/android/ti.cloudpush/2.0.7
[DEBUG]  Detected android module: ti.cloudpush 2.1.0 @ /Library/Application Support/Titanium/modules/android/ti.cloudpush/2.1.0
[DEBUG]  Detected android module: ti.cloudpush 3.3.4 @ /Library/Application Support/Titanium/modules/android/ti.cloudpush/3.3.4
[DEBUG]  Detected android module: ti.cloudpush 3.3.7 @ /Library/Application Support/Titanium/modules/android/ti.cloudpush/3.3.7
[DEBUG]  Detected android module: ti.map 2.2.2 @ /Library/Application Support/Titanium/modules/android/ti.map/2.2.2
[DEBUG]  Detected android module: ti.map 2.2.3 @ /Library/Application Support/Titanium/modules/android/ti.map/2.2.3
[DEBUG]  Detected commonjs module: ti.cloud 2.3.0 @ /Library/Application Support/Titanium/modules/commonjs/ti.cloud/2.3.0
[DEBUG]  Detected commonjs module: ti.cloud 2.3.2 @ /Library/Application Support/Titanium/modules/commonjs/ti.cloud/2.3.2
[DEBUG]  Detected commonjs module: ti.cloud 3.2.7 @ /Library/Application Support/Titanium/modules/commonjs/ti.cloud/3.2.7
[DEBUG]  Detected iphone module: com.appcelerator.apm 1.1.1 @ /Library/Application Support/Titanium/modules/iphone/com.appcelerator.apm/1.1.1
[DEBUG]  Detected iphone module: com.appcelerator.urlSession 1.0.1 @ /Library/Application Support/Titanium/modules/iphone/com.appcelerator.urlSession/1.0.1
[DEBUG]  Detected iphone module: com.appcelerator.urlSession 1.1.0 @ /Library/Application Support/Titanium/modules/iphone/com.appcelerator.urlSession/1.1.0
[DEBUG]  Detected iphone module: facebook 3.1.1 @ /Library/Application Support/Titanium/modules/iphone/facebook/3.1.1
[DEBUG]  Detected iphone module: facebook 3.2.0 @ /Library/Application Support/Titanium/modules/iphone/facebook/3.2.0
[DEBUG]  Detected iphone module: ti.coremotion 1.0.1 @ /Library/Application Support/Titanium/modules/iphone/ti.coremotion/1.0.1
[DEBUG]  Detected iphone module: ti.coremotion 1.1.0 @ /Library/Application Support/Titanium/modules/iphone/ti.coremotion/1.1.0
[DEBUG]  Detected iphone module: ti.map 2.0.4 @ /Library/Application Support/Titanium/modules/iphone/ti.map/2.0.4
[DEBUG]  Detected iphone module: ti.map 2.2.0 @ /Library/Application Support/Titanium/modules/iphone/ti.map/2.2.0
[DEBUG]  Detected iphone module: ti.touchid 1.0 @ /Library/Application Support/Titanium/modules/iphone/ti.touchid/1.0
[DEBUG]  Detected iphone module: ti.touchid 1.1.0 @ /Library/Application Support/Titanium/modules/iphone/ti.touchid/1.1.0
[DEBUG]  Detected tizen module: tizen 3.0.0 @ /Library/Application Support/Titanium/modules/tizen/tizen/3.0.0
[DEBUG]  Looking for Titanium module id=ti.cloud version=latest platform=commonjs deploy-type=test
[INFO]   Found Titanium module id=ti.cloud version=3.2.9 platform=commonjs deploy-type=test path=/Users/xdeveloper/Library/Application Support/Titanium/modules/commonjs/ti.cloud/3.2.9
[DEBUG]  Detecting plugins in /Users/xdeveloper/Desktop/Testing/plugins
[DEBUG]  Detected plugin: ti.alloy @ /Users/xdeveloper/Desktop/Testing/plugins/ti.alloy
[DEBUG]  Detecting plugins in /Library/Application Support/Titanium/plugins
[DEBUG]  Detected plugin: com.appcelerator.test @ /Library/Application Support/Titanium/plugins/com.appcelerator.test
[DEBUG]  Looking for Titanium plugin id=ti.alloy version=1.0
[INFO]   Found Titanium plugin id=ti.alloy version=1.0 
[TRACE]  Snapshotting build directory
[DEBUG]  Titanium SDK iOS directory: /Users/xdeveloper/Library/Application Support/Titanium/mobilesdk/osx/5.1.1.GA/iphone
[INFO]   Deploy type: test
[INFO]   Building for target: device
[INFO]   Building using iOS SDK: 8.4
[INFO]   Building for iOS device: 6d0ac65af170f758492b0ead6ee2df7214d0e439
[INFO]   Building for device family: iphone
[DEBUG]  Setting Xcode target to Debug
[DEBUG]  Setting Xcode build OS to iphoneos
[DEBUG]  Xcode installation: /Applications/Xcode.app/Contents/Developer
[DEBUG]  iOS WWDR certificate: installed
[INFO]   iOS Development Certificate: CS Mac Lab (6X7M63YKUZ)
[INFO]   Minimum iOS version: 7.1
[INFO]   Using default keychain
[INFO]   Debugging disabled
[INFO]   Profiler disabled
[INFO]   Set to copy files instead of symlinking
[INFO]   Initializing the build directory
[INFO]   Found Alloy app in /Users/xdeveloper/Desktop/Testing/app
[INFO]   Executing Alloy compile: /usr/local/bin/node /Users/xdeveloper/.appcelerator/install/5.1.0/package/node_modules/appc-cli-titanium/node_modules/alloy/bin/alloy compile /Users/xdeveloper/Desktop/Testing/app --config platform=ios,version=0,simtype=none,devicefamily=iphone,deploytype=test,target=device --no-colors
[DEBUG]         .__  .__                
[DEBUG]  _____  |  | |  |   ____ ___.__.
[DEBUG]  \__  \ |  | |  |  /  _ <   |  |
[DEBUG]   / __ \|  |_|  |_(  <_> )___  |
[DEBUG]  (____  /____/____/\____// ____|
[DEBUG]       \/                 \/
[DEBUG]  Alloy 1.7.26 by Appcelerator. The MVC app framework for Titanium.
[DEBUG]  ----- CONFIGURATION -----
[DEBUG]  raw config = "platform=ios,version=0,simtype=none,devicefamily=iphone,deploytype=test,target=device"
[DEBUG]  platform = ios
[DEBUG]  version = 0
[DEBUG]  simtype = none
[DEBUG]  devicefamily = iphone
[DEBUG]  deploytype = test
[DEBUG]  target = device
[DEBUG]  project path = /Users/xdeveloper/Desktop/Testing
[DEBUG]  app path = /Users/xdeveloper/Desktop/Testing/app
[DEBUG]  
[DEBUG]  ----- CONFIG.JSON -----
[DEBUG]  dependencies = {}
[INFO]   [config.json] config.json unchanged, using cached config.json...
[DEBUG]  {
[DEBUG]  "dependencies": {},
[DEBUG]  "sourcemap": true,
[DEBUG]  "autoStyle": false,
[DEBUG]  "adapters": [
[DEBUG]  "localStorage",
[DEBUG]  "properties",
[DEBUG]  "sql"
[DEBUG]  ]
[DEBUG]  }
[DEBUG]  
[DEBUG]  ----- CLEANING RESOURCES -----
[DEBUG]  Removing orphaned controllers ...
[DEBUG]  Removing orphaned models ...
[DEBUG]  Removing orphaned styles ...
[DEBUG]  Removing orphaned sync adapters...
[DEBUG]  Removing orphaned assets and libs...
[DEBUG]  
[DEBUG]  ----- BASE RUNTIME FILES -----
[TRACE]  SRC_DIR=/Users/xdeveloper/.appcelerator/install/5.1.0/package/node_modules/appc-cli-titanium/node_modules/alloy/Alloy/lib
[TRACE]  Copying SRC_DIR/alloy/sync/sql.js --> Resources/iphone/alloy/sync/sql.js
[TRACE]  Copying SRC_DIR/alloy/sync/properties.js --> Resources/iphone/alloy/sync/properties.js
[TRACE]  Copying SRC_DIR/alloy/sync/localStorage.js --> Resources/iphone/alloy/sync/localStorage.js
[TRACE]  Copying SRC_DIR/alloy/controllers/BaseController.js --> Resources/iphone/alloy/controllers/BaseController.js
[TRACE]  Copying SRC_DIR/alloy/widget.js --> Resources/iphone/alloy/widget.js
[TRACE]  Copying SRC_DIR/alloy/underscore.js --> Resources/iphone/alloy/underscore.js
[TRACE]  Copying SRC_DIR/alloy.js --> Resources/iphone/alloy.js
[TRACE]  
[TRACE]  SRC_DIR=/Users/xdeveloper/.appcelerator/install/5.1.0/package/node_modules/appc-cli-titanium/node_modules/alloy/Alloy/common
[TRACE]  Copying SRC_DIR/constants.js --> Resources/iphone/alloy/constants.js
[TRACE]  
[TRACE]  SRC_DIR=/Users/xdeveloper/Desktop/Testing/app/assets
[TRACE]  Copying SRC_DIR/shop.sqlite --> Resources/iphone/shop.sqlite
[TRACE]  
[DEBUG]  
[INFO]   ----- MVC GENERATION -----
[INFO]   [global style] loading from cache...
[INFO]   [models/cart.js] model processing...
[INFO]   [models/items.js] model processing...
[INFO]   [about.xml] view processing...
[INFO]   view:       "about.xml"
[TRACE]  - Processing "builtins" module...
[TRACE]  - Processing "optimizer" module...
[TRACE]  - Processing "compress" module...
[INFO]   created:    "Resources/iphone/alloy/controllers/about.js"
[DEBUG]  map:        "build/map/Resources/iphone/alloy/controllers/about.js.map"
[INFO]   created:     "Resources/iphone/alloy/styles/about.js"
[INFO]   [categories.xml] view processing...
[INFO]   style:      "categories.tss"
[INFO]   view:       "categories.xml"
[INFO]   controller: "categories.js"
[TRACE]  - Processing "builtins" module...
[TRACE]  - Processing "optimizer" module...
[TRACE]  - Processing "compress" module...
[INFO]   created:    "Resources/iphone/alloy/controllers/categories.js"
[DEBUG]  map:        "build/map/Resources/iphone/alloy/controllers/categories.js.map"
[INFO]   created:     "Resources/iphone/alloy/styles/categories.js"
[INFO]   [details.xml] view processing...
[INFO]   style:      "details.tss"
[INFO]   view:       "details.xml"
[INFO]   controller: "details.js"
[TRACE]  - Processing "builtins" module...
[TRACE]  - Processing "optimizer" module...
[TRACE]  - Processing "compress" module...
[INFO]   created:    "Resources/iphone/alloy/controllers/details.js"
[DEBUG]  map:        "build/map/Resources/iphone/alloy/controllers/details.js.map"
[INFO]   created:     "Resources/iphone/alloy/styles/details.js"
[INFO]   [dresses.xml] view processing...
[INFO]   style:      "dresses.tss"
[INFO]   view:       "dresses.xml"
[INFO]   controller: "dresses.js"
[TRACE]  - Processing "builtins" module...
[TRACE]  - Processing "optimizer" module...
[TRACE]  - Processing "compress" module...
[INFO]   created:    "Resources/iphone/alloy/controllers/dresses.js"
[DEBUG]  map:        "build/map/Resources/iphone/alloy/controllers/dresses.js.map"
[INFO]   created:     "Resources/iphone/alloy/styles/dresses.js"
[INFO]   [index.xml] view processing...
[INFO]   style:      "index.tss"
[INFO]   view:       "index.xml"
[INFO]   controller: "index.js"
[TRACE]  - Processing "builtins" module...
[TRACE]  - Processing "optimizer" module...
[TRACE]  - Processing "compress" module...
[INFO]   created:    "Resources/iphone/alloy/controllers/index.js"
[DEBUG]  map:        "build/map/Resources/iphone/alloy/controllers/index.js.map"
[INFO]   created:     "Resources/iphone/alloy/styles/index.js"
[INFO]   [jackets.xml] view processing...
[INFO]   style:      "jackets.tss"
[INFO]   view:       "jackets.xml"
[INFO]   controller: "jackets.js"
[TRACE]  - Processing "builtins" module...
[TRACE]  - Processing "optimizer" module...
[TRACE]  - Processing "compress" module...
[INFO]   created:    "Resources/iphone/alloy/controllers/jackets.js"
[DEBUG]  map:        "build/map/Resources/iphone/alloy/controllers/jackets.js.map"
[INFO]   created:     "Resources/iphone/alloy/styles/jackets.js"
[INFO]   [tops.xml] view processing...
[INFO]   style:      "tops.tss"
[INFO]   view:       "tops.xml"
[INFO]   controller: "tops.js"
[TRACE]  - Processing "builtins" module...
[TRACE]  - Processing "optimizer" module...
[TRACE]  - Processing "compress" module...
[INFO]   created:    "Resources/iphone/alloy/controllers/tops.js"
[DEBUG]  map:        "build/map/Resources/iphone/alloy/controllers/tops.js.map"
[INFO]   created:     "Resources/iphone/alloy/styles/tops.js"
[INFO]   [trousers.xml] view processing...
[INFO]   style:      "trousers.tss"
[INFO]   view:       "trousers.xml"
[INFO]   controller: "trousers.js"
[TRACE]  - Processing "builtins" module...
[TRACE]  - Processing "optimizer" module...
[TRACE]  - Processing "compress" module...
[INFO]   created:    "Resources/iphone/alloy/controllers/trousers.js"
[DEBUG]  map:        "build/map/Resources/iphone/alloy/controllers/trousers.js.map"
[INFO]   created:     "Resources/iphone/alloy/styles/trousers.js"
[INFO]   [cart.js] controller processing...
[INFO]   controller: "cart.js"
[TRACE]  - Processing "builtins" module...
[TRACE]  - Processing "optimizer" module...
[TRACE]  - Processing "compress" module...
[INFO]   created:    "Resources/iphone/alloy/controllers/cart.js"
[DEBUG]  map:        "build/map/Resources/iphone/alloy/controllers/cart.js.map"
[INFO]   created:     "Resources/iphone/alloy/styles/cart.js"
[INFO]   
[INFO]   
[INFO]   [app.js] using cached app.js...
[INFO]   
[INFO]   ----- OPTIMIZING -----
[INFO]   - iphone/alloy.js
[TRACE]  processing "builtins" module...
[TRACE]  processing "optimizer" module...
[TRACE]  processing "compress" module...
[INFO]   - iphone/alloy/models/Cart.js
[TRACE]  processing "builtins" module...
[TRACE]  processing "optimizer" module...
[TRACE]  processing "compress" module...
[INFO]   - iphone/alloy/models/Items.js
[TRACE]  processing "builtins" module...
[TRACE]  processing "optimizer" module...
[TRACE]  processing "compress" module...
[INFO]   - iphone/alloy/sync/localStorage.js
[TRACE]  processing "builtins" module...
[TRACE]  processing "optimizer" module...
[TRACE]  processing "compress" module...
[INFO]   - iphone/alloy/sync/properties.js
[TRACE]  processing "builtins" module...
[TRACE]  processing "optimizer" module...
[TRACE]  processing "compress" module...
[INFO]   - iphone/alloy/sync/sql.js
[TRACE]  processing "builtins" module...
[TRACE]  processing "optimizer" module...
[TRACE]  processing "compress" module...
[TRACE]  
[TRACE]  Benchmarking
[TRACE]  ------------
[TRACE]  [1.38561s] TOTAL
[INFO]   
[INFO]   Alloy compiled in 1.38561s
[INFO]   Alloy compiler completed successfully
[TRACE]  offline build file /var/folders/hk/mg13m0zn02d6gm6fs51s89280000gq/T/build-bb7df288aef4982d4fe119ce3597a93c6c8f7bd7.json
[TRACE]  online 1
[TRACE]  sending request {"json":{"username":"12251216@life.hkbu.edu.hk","session":"96fc9604c1cfe90dc71968fdfe93caf0c1318703 3WOEpA+dKL6P4M1JwNbbx+oZ1pvKAUmVGxIyw2aqVsbWtkTPaHqXBSCgrxaF3k7apSO9O0d0vPsQwvU2lOFIgMTv8S85j1sSs854XbuZCPmyckumecfIXTR/Omnj0NoOI/0OiYv5p19eu9CHkWLK4fuDqlgR33+7WJtK4r2rgRy3/dcCZIgwMsOZx01+w4+rMSK9nNQOTrMzv7CeRXZSEzIXlWyr63FoLeE2ExV0jR2zUWKpiN0dHWotYo/8/u4fBtBDHxoS5ZhAJWwizImlv9tqFPTYrZO6uUSvzOCLHtp8LlTZeM06v+S5kb+KDiXDcbE6zqlPStTF2Ey/F0ZWWMi/1zETcmaglR5xe5879sGJ044LdlbkjJc7b/zYAV3WVveSEsYmUwaEQU8C9OTfVGzXtNm9XFeRNq7HulnFIcbn47oEdeqkPBdeMBfXuwd+v7beI/lU+ipqZT8uQFUHeAXMWVr0Zfd2BakP/ALBdn8V3z5LwI9yYafdLuGK5gOseOuRnxufTjGBkNj/eFeW5YgLb/z1AXhgHowcAaE2aiY+vyQIdOQ4KtgmmqLLavDMaVXpDRKEpCjomSLPcdJsrRPxZ9piNXL2d+fkmt2OPVdMTF1029bBLRztzTu6n/wdQbqeizaO63znHUGc5BcEFi1jyy2rsoDa5vdhiGPbvjFTokyxmaTpD6x8kxYPiNB1hKYXk4xAYHdghbptnB2z2b/CAfkzbH1+kJ7kJjTtWNAD7ais5e9+x8MRIYog1I41v7WV/Th5U6EiZbwccAlGC8mFqKbPGYUzyD+Znf6oiqE=","ipaddress":"158.182.78.83","fingerprint":"69bc9e8f88bca2f9869347e738a6753803ea363e","fingerprint_description":"Mac OSX Serial Number: W80240YUB9S","guid":"52121bc8-91cc-45c1-9555-c7fd91f8fa80","appid":"hk.edu.hkbu.comp.mac","name":"Testing","org_id":100065777,"deploytype":"test","tiappxml":"<?xml version=\"1.0\" encoding=\"UTF-8\"?>\n<ti:app \n  xmlns:ti=\"http://ti.appcelerator.org\">\n  <id>hk.edu.hkbu.comp.mac</id>\n  <name>Testing</name>\n  <version>1.0</version>\n  <publisher>xdeveloper</publisher>\n  <url>http://</url>\n  <description>undefined</description>\n  <copyright>2015 by xdeveloper</copyright>\n  <icon>appicon.png</icon>\n  <fullscreen>false</fullscreen>\n  <navbar-hidden>false</navbar-hidden>\n  <analytics>true</analytics>\n  <guid>52121bc8-91cc-45c1-9555-c7fd91f8fa80</guid>\n  <property name=\"ti.ui.defaultunit\" type=\"string\">dp</property>\n  <ios>\n    <plist>\n      <dict>\n        <key>UISupportedInterfaceOrientations~iphone</key>\n        <array>\n          <string>UIInterfaceOrientationPortrait</string>\n        </array>\n        <key>UISupportedInterfaceOrientations~ipad</key>\n        <array>\n          <string>UIInterfaceOrientationPortrait</string>\n          <string>UIInterfaceOrientationPortraitUpsideDown</string>\n          <string>UIInterfaceOrientationLandscapeLeft</string>\n          <string>UIInterfaceOrientationLandscapeRight</string>\n        </array>\n        <key>UIRequiresPersistentWiFi</key>\n        <false/>\n        <key>UIPrerenderedIcon</key>\n        <false/>\n        <key>UIStatusBarHidden</key>\n        <false/>\n        <key>UIStatusBarStyle</key>\n        <string>UIStatusBarStyleDefault</string>\n      </dict>\n    </plist>\n  </ios>\n  <android \n    xmlns:android=\"http://schemas.android.com/apk/res/android\"/>\n    <mobileweb>\n      <precache/>\n      <splash>\n        <enabled>true</enabled>\n        <inline-css-images>true</inline-css-images>\n      </splash>\n      <theme>default</theme>\n    </mobileweb>\n    <modules>\n      <module platform=\"commonjs\">ti.cloud</module>\n    </modules>\n    <deployment-targets>\n      <target device=\"android\">false</target>\n      <target device=\"ipad\">false</target>\n      <target device=\"iphone\">true</target>\n      <target device=\"mobileweb\">false</target>\n      <target device=\"windows\">false</target>\n    </deployment-targets>\n    <sdk-version>5.1.1.GA</sdk-version>\n    <plugins>\n      <plugin version=\"1.0\">ti.alloy</plugin>\n    </plugins>\n    <property name=\"appc-app-id\" type=\"string\">565696d106ef4f03585ab821</property>\n    <property name=\"acs-authbase-url-development\" type=\"string\">***</property>\n    <property name=\"acs-base-url-development\" type=\"string\">***</property>\n    <property name=\"acs-oauth-secret-development\" type=\"string\">***</property>\n    <property name=\"acs-oauth-key-development\" type=\"string\">***</property>\n    <property name=\"acs-api-key-development\" type=\"string\">***</property>\n    <property name=\"acs-username-development\" type=\"string\">***</property>\n    <property name=\"acs-password-development\" type=\"string\">***</property>\n    <property name=\"acs-authbase-url-production\" type=\"string\">***</property>\n    <property name=\"acs-base-url-production\" type=\"string\">***</property>\n    <property name=\"acs-oauth-secret-production\" type=\"string\">***</property>\n    <property name=\"acs-oauth-key-production\" type=\"string\">***</property>\n    <property name=\"acs-api-key-production\" type=\"string\">***</property>\n    <property name=\"acs-username-production\" type=\"string\">***</property>\n    <property name=\"acs-password-production\" type=\"string\">***</property>\n    <property name=\"appc-org-id\" type=\"string\">100065777</property>\n    <property name=\"appc-creator-user-id\" type=\"string\">c3bafb8f-b919-4555-8d1d-38f1d3ec4a9f</property>\n  </ti:app>","modules":[{"id":"ti.cloud","platform":["commonjs"],"deployType":["test"],"modulePath":"/Users/xdeveloper/Library/Application Support/Titanium/modules/commonjs/ti.cloud/3.2.9","version":"3.2.9","manifest":{"version":"3.2.9","description":"Appcelerator Cloud Services","author":"Dawson Toth, Jeff English, Jon Alter, Paul Lv, Michael Goff, and Pedro Enrique","license":"Appcelerator Commercial License","copyright":"Copyright (c) 2011-2014 by Appcelerator,  Inc.","name":"ti.cloud","moduleid":"ti.cloud","guid":"1056b5d2-2bb5-4339-b930-297637aeec4e","platform":"commonjs","minsdk":"2.1.0"},"native":false,"libFile":"/Users/xdeveloper/Library/Application Support/Titanium/modules/commonjs/ti.cloud/3.2.9/ti.cloud.js"}]},"gzip":true,"followAllRedirects":true,"url":"https://security.appcelerator.com/build-verify"}
[TRACE]  result from /build-verify=> {"key":"os/4rOVGxXHk7v8fwzMrqw==","pepper":"eGE+FpI+e+K9OvYgr58dlA==","hmacKey":"ONi6NfTKqa0ZtY1uH8B2Gg==","o":100065777,"u":"c3bafb8f-b919-4555-8d1d-38f1d3ec4a9f","p":"free","i":"5659a09e02e88d090e2f8dd7","success":true}, err=null
[INFO]   JavaScript files need to be encrypted
[INFO]   Creating Xcode project
[TRACE]  Removing pre-compile phase
[TRACE]  No native module libraries to add
[TRACE]  No extensions to add
[TRACE]  No change, skipping /Users/xdeveloper/Desktop/Testing/build/iphone/Testing.xcodeproj/project.pbxproj
[INFO]   Creating Entitlements.plist
[TRACE]  No change, skipping /Users/xdeveloper/Desktop/Testing/build/iphone/Testing.entitlements
[INFO]   Creating Info.plist
[INFO]   Disabling ATS
[TRACE]  No change, skipping /Users/xdeveloper/Desktop/Testing/build/iphone/Info.plist
[INFO]   Creating main.m
[TRACE]  No change, skipping /Users/xdeveloper/Desktop/Testing/build/iphone/main.m
[INFO]   Creating Xcode config files
[TRACE]  No change, skipping /Users/xdeveloper/Desktop/Testing/build/iphone/project.xcconfig
[TRACE]  No change, skipping /Users/xdeveloper/Desktop/Testing/build/iphone/module.xcconfig
[INFO]   Copying Titanium libraries
[TRACE]  No change, skipping /Users/xdeveloper/Desktop/Testing/build/iphone/lib/libTiCore.a
[TRACE]  No change, skipping /Users/xdeveloper/Desktop/Testing/build/iphone/lib/libtiverify.a
[TRACE]  No change, skipping /Users/xdeveloper/Desktop/Testing/build/iphone/lib/libti_ios_debugger.a
[TRACE]  No change, skipping /Users/xdeveloper/Desktop/Testing/build/iphone/lib/libti_ios_profiler.a
[INFO]   Copying Titanium iOS files
[TRACE]  Skipping Classes/ApplicationRouting.m, it'll be processed later
[TRACE]  No change, skipping /Users/xdeveloper/Desktop/Testing/build/iphone/Testing_Prefix.pch
[TRACE]  No change, skipping /Users/xdeveloper/Desktop/Testing/build/iphone/Testing.xcodeproj/xcshareddata/xcschemes/Testing.xcscheme
[INFO]   Creating debugger and profiler plists
[DEBUG]  Skipping /Users/xdeveloper/Desktop/Testing/build/iphone/build/Products/Debug-iphoneos/Testing.app/debugger.plist
[DEBUG]  Skipping /Users/xdeveloper/Desktop/Testing/build/iphone/build/Products/Debug-iphoneos/Testing.app/profiler.plist
[INFO]   Analyzing Resources directory
[INFO]   Analyzing platform files
[INFO]   Analyzing module files
[INFO]   Analyzing localized launch images
[INFO]   Analyzing CommonJS modules
[INFO]   Creating asset catalog
[TRACE]  No change, skipping /Users/xdeveloper/Desktop/Testing/build/iphone/Assets.xcassets/Contents.json
[INFO]   Creating app icon set
[DEBUG]  Unsupported app icon Resources/iphone/appicon-60.png, skipping
[WARN]   Skipping Resources/iphone/appicon-60@2x.png because it has an alpha channel and generating one from DefaultIcon-ios.png
[WARN]   Skipping Resources/iphone/appicon-60@3x.png because it has an alpha channel and generating one from DefaultIcon-ios.png
[DEBUG]  Unsupported app icon Resources/iphone/appicon-72.png, skipping
[DEBUG]  Unsupported app icon Resources/iphone/appicon-72@2x.png, skipping
[DEBUG]  Unsupported app icon Resources/iphone/appicon-76.png, skipping
[DEBUG]  Unsupported app icon Resources/iphone/appicon-76@2x.png, skipping
[DEBUG]  Unsupported app icon Resources/iphone/appicon-Small-40.png, skipping
[WARN]   Skipping Resources/iphone/appicon-Small-40@2x.png because it has an alpha channel and generating one from DefaultIcon-ios.png
[DEBUG]  Unsupported app icon Resources/iphone/appicon-Small-50.png, skipping
[DEBUG]  Unsupported app icon Resources/iphone/appicon-Small-50@2x.png, skipping
[DEBUG]  Unsupported app icon Resources/iphone/appicon-Small.png, skipping
[WARN]   Skipping Resources/iphone/appicon-Small@2x.png because it has an alpha channel and generating one from DefaultIcon-ios.png
[DEBUG]  Unsupported app icon Resources/iphone/appicon@2x.png, skipping
[TRACE]  Found generated 58x58 app icon: /Users/xdeveloper/Desktop/Testing/build/iphone/Assets.xcassets/AppIcon.appiconset/appicon-Small@2x.png
[TRACE]  Found generated 87x87 app icon: /Users/xdeveloper/Desktop/Testing/build/iphone/Assets.xcassets/AppIcon.appiconset/appicon-Small@3x.png
[TRACE]  Found generated 80x80 app icon: /Users/xdeveloper/Desktop/Testing/build/iphone/Assets.xcassets/AppIcon.appiconset/appicon-Small-40@2x.png
[TRACE]  Found generated 120x120 app icon: /Users/xdeveloper/Desktop/Testing/build/iphone/Assets.xcassets/AppIcon.appiconset/appicon-Small-40@3x.png
[TRACE]  Found generated 120x120 app icon: /Users/xdeveloper/Desktop/Testing/build/iphone/Assets.xcassets/AppIcon.appiconset/appicon-60@2x.png
[TRACE]  Found generated 180x180 app icon: /Users/xdeveloper/Desktop/Testing/build/iphone/Assets.xcassets/AppIcon.appiconset/appicon-60@3x.png
[TRACE]  No change, skipping /Users/xdeveloper/Desktop/Testing/build/iphone/Assets.xcassets/AppIcon.appiconset/Contents.json
[INFO]   Creating launch image set
[DEBUG]  Skipping iPad launch image: Resources/iphone/Default-Landscape.png
[DEBUG]  Skipping iPad launch image: Resources/iphone/Default-Landscape@2x.png
[DEBUG]  Skipping iPad launch image: Resources/iphone/Default-Portrait.png
[DEBUG]  Skipping iPad launch image: Resources/iphone/Default-Portrait@2x.png
[DEBUG]  Unsupported launch image Resources/iphone/Default.png, skipping
[TRACE]  No change, skipping /Users/xdeveloper/Desktop/Testing/build/iphone/Assets.xcassets/LaunchImage.launchimage/Contents.json
[INFO]   App thinning disabled, skipping asset image sets
[DEBUG]  Copying resources
[TRACE]  No change, skipping /Users/xdeveloper/Desktop/Testing/build/iphone/build/Products/Debug-iphoneos/Testing.app/Eline.png
[TRACE]  No change, skipping /Users/xdeveloper/Desktop/Testing/build/iphone/build/Products/Debug-iphoneos/Testing.app/KS_nav_ui.png
[TRACE]  No change, skipping /Users/xdeveloper/Desktop/Testing/build/iphone/build/Products/Debug-iphoneos/Testing.app/KS_nav_views.png
[TRACE]  No change, skipping /Users/xdeveloper/Desktop/Testing/build/iphone/build/Products/Debug-iphoneos/Testing.app/SunXiaomeng.jpg
[TRACE]  No change, skipping /Users/xdeveloper/Desktop/Testing/build/iphone/build/Products/Debug-iphoneos/Testing.app/blackberry/Ti.Manifest
[TRACE]  No change, skipping /Users/xdeveloper/Desktop/Testing/build/iphone/build/Products/Debug-iphoneos/Testing.app/blackberry/appicon.png
[TRACE]  No change, skipping /Users/xdeveloper/Desktop/Testing/build/iphone/build/Products/Debug-iphoneos/Testing.app/blackberry/map/bubble.png
[TRACE]  No change, skipping /Users/xdeveloper/Desktop/Testing/build/iphone/build/Products/Debug-iphoneos/Testing.app/blackberry/map/green_pin.png
[TRACE]  No change, skipping /Users/xdeveloper/Desktop/Testing/build/iphone/build/Products/Debug-iphoneos/Testing.app/blackberry/map/purple_pin.png
[TRACE]  No change, skipping /Users/xdeveloper/Desktop/Testing/build/iphone/build/Products/Debug-iphoneos/Testing.app/blackberry/map/red_pin.png
[TRACE]  No change, skipping /Users/xdeveloper/Desktop/Testing/build/iphone/build/Products/Debug-iphoneos/Testing.app/blackberry/splash-600x1024.png
[TRACE]  No change, skipping /Users/xdeveloper/Desktop/Testing/build/iphone/build/Products/Debug-iphoneos/Testing.app/cart.png
[TRACE]  No change, skipping /Users/xdeveloper/Desktop/Testing/build/iphone/build/Products/Debug-iphoneos/Testing.app/contact.png
[TRACE]  No change, skipping /Users/xdeveloper/Desktop/Testing/build/iphone/build/Products/Debug-iphoneos/Testing.app/dress4.jpg
[TRACE]  No change, skipping /Users/xdeveloper/Desktop/Testing/build/iphone/build/Products/Debug-iphoneos/Testing.app/dress5.jpg
[TRACE]  No change, skipping /Users/xdeveloper/Desktop/Testing/build/iphone/build/Products/Debug-iphoneos/Testing.app/dress6.jpg
[TRACE]  No change, skipping /Users/xdeveloper/Desktop/Testing/build/iphone/build/Products/Debug-iphoneos/Testing.app/dresses.jpg
[TRACE]  No change, skipping /Users/xdeveloper/Desktop/Testing/build/iphone/build/Products/Debug-iphoneos/Testing.app/home.png
[TRACE]  No change, skipping /Users/xdeveloper/Desktop/Testing/build/iphone/build/Products/Debug-iphoneos/Testing.app/iTunesArtwork
[TRACE]  No change, skipping /Users/xdeveloper/Desktop/Testing/build/iphone/build/Products/Debug-iphoneos/Testing.app/iTunesArtwork@2x
[TRACE]  No change, skipping /Users/xdeveloper/Desktop/Testing/build/iphone/build/Products/Debug-iphoneos/Testing.app/info.png
[TRACE]  No change, skipping /Users/xdeveloper/Desktop/Testing/build/iphone/build/Products/Debug-iphoneos/Testing.app/jacket1.jpg
[TRACE]  No change, skipping /Users/xdeveloper/Desktop/Testing/build/iphone/build/Products/Debug-iphoneos/Testing.app/jacket2.jpg
[TRACE]  No change, skipping /Users/xdeveloper/Desktop/Testing/build/iphone/build/Products/Debug-iphoneos/Testing.app/jacket3.jpg
[TRACE]  No change, skipping /Users/xdeveloper/Desktop/Testing/build/iphone/build/Products/Debug-iphoneos/Testing.app/jackets.jpg
[TRACE]  No change, skipping /Users/xdeveloper/Desktop/Testing/build/iphone/build/Products/Debug-iphoneos/Testing.app/sale.png
[DEBUG]  Overwriting /Users/xdeveloper/Desktop/Testing/Resources/iphone/shop.sqlite => /Users/xdeveloper/Desktop/Testing/build/iphone/build/Products/Debug-iphoneos/Testing.app/shop.sqlite
[TRACE]  No change, skipping /Users/xdeveloper/Desktop/Testing/build/iphone/build/Products/Debug-iphoneos/Testing.app/shopnow.png
[TRACE]  No change, skipping /Users/xdeveloper/Desktop/Testing/build/iphone/build/Products/Debug-iphoneos/Testing.app/star.png
[TRACE]  No change, skipping /Users/xdeveloper/Desktop/Testing/build/iphone/build/Products/Debug-iphoneos/Testing.app/top7.jpg
[TRACE]  No change, skipping /Users/xdeveloper/Desktop/Testing/build/iphone/build/Products/Debug-iphoneos/Testing.app/top8.jpg
[TRACE]  No change, skipping /Users/xdeveloper/Desktop/Testing/build/iphone/build/Products/Debug-iphoneos/Testing.app/top9.jpg
[TRACE]  No change, skipping /Users/xdeveloper/Desktop/Testing/build/iphone/build/Products/Debug-iphoneos/Testing.app/tops.jpg
[TRACE]  No change, skipping /Users/xdeveloper/Desktop/Testing/build/iphone/build/Products/Debug-iphoneos/Testing.app/trouser10.jpg
[TRACE]  No change, skipping /Users/xdeveloper/Desktop/Testing/build/iphone/build/Products/Debug-iphoneos/Testing.app/trouser11.jpg
[TRACE]  No change, skipping /Users/xdeveloper/Desktop/Testing/build/iphone/build/Products/Debug-iphoneos/Testing.app/trouser12.jpg
[TRACE]  No change, skipping /Users/xdeveloper/Desktop/Testing/build/iphone/build/Products/Debug-iphoneos/Testing.app/trousers.jpg
[TRACE]  No change, skipping /Users/xdeveloper/Desktop/Testing/build/iphone/Assets.xcassets/LaunchImage.launchimage/Default-568h@2x.png
[TRACE]  No change, skipping /Users/xdeveloper/Desktop/Testing/build/iphone/Assets.xcassets/LaunchImage.launchimage/Default-667h@2x.png
[TRACE]  No change, skipping /Users/xdeveloper/Desktop/Testing/build/iphone/Assets.xcassets/LaunchImage.launchimage/Default-Landscape-736h@3x.png
[TRACE]  No change, skipping /Users/xdeveloper/Desktop/Testing/build/iphone/Assets.xcassets/LaunchImage.launchimage/Default-Portrait-736h@3x.png
[TRACE]  No change, skipping /Users/xdeveloper/Desktop/Testing/build/iphone/Assets.xcassets/LaunchImage.launchimage/Default@2x.png
[DEBUG]  Copying CSS files
[INFO]   Processing JavaScript files
[TRACE]  No change, skipping /Users/xdeveloper/Desktop/Testing/build/iphone/assets/alloy/CFG_js
[TRACE]  No change, skipping /Users/xdeveloper/Desktop/Testing/build/iphone/assets/app_js
[TRACE]  No change, skipping /Users/xdeveloper/Desktop/Testing/build/iphone/assets/alloy/backbone_js
[TRACE]  No change, skipping /Users/xdeveloper/Desktop/Testing/build/iphone/assets/alloy/constants_js
[TRACE]  No change, skipping /Users/xdeveloper/Desktop/Testing/build/iphone/assets/alloy/controllers/BaseController_js
[TRACE]  No change, skipping /Users/xdeveloper/Desktop/Testing/build/iphone/assets/alloy/controllers/about_js
[TRACE]  No change, skipping /Users/xdeveloper/Desktop/Testing/build/iphone/assets/alloy/controllers/cart_js
[TRACE]  No change, skipping /Users/xdeveloper/Desktop/Testing/build/iphone/assets/alloy/controllers/categories_js
[TRACE]  No change, skipping /Users/xdeveloper/Desktop/Testing/build/iphone/assets/alloy/controllers/details_js
[TRACE]  No change, skipping /Users/xdeveloper/Desktop/Testing/build/iphone/assets/alloy/controllers/dresses_js
[TRACE]  No change, skipping /Users/xdeveloper/Desktop/Testing/build/iphone/assets/alloy/controllers/index_js
[TRACE]  No change, skipping /Users/xdeveloper/Desktop/Testing/build/iphone/assets/alloy/controllers/jackets_js
[TRACE]  No change, skipping /Users/xdeveloper/Desktop/Testing/build/iphone/assets/alloy/controllers/tops_js
[TRACE]  No change, skipping /Users/xdeveloper/Desktop/Testing/build/iphone/assets/alloy/controllers/trousers_js
[TRACE]  No change, skipping /Users/xdeveloper/Desktop/Testing/build/iphone/assets/alloy/models/Cart_js
[TRACE]  No change, skipping /Users/xdeveloper/Desktop/Testing/build/iphone/assets/alloy/models/Items_js
[TRACE]  No change, skipping /Users/xdeveloper/Desktop/Testing/build/iphone/assets/alloy/styles/about_js
[TRACE]  No change, skipping /Users/xdeveloper/Desktop/Testing/build/iphone/assets/alloy/styles/cart_js
[TRACE]  No change, skipping /Users/xdeveloper/Desktop/Testing/build/iphone/assets/alloy/styles/categories_js
[DEBUG]  Copying and minifying /Users/xdeveloper/Desktop/Testing/Resources/iphone/alloy/styles/details.js => /Users/xdeveloper/Desktop/Testing/build/iphone/assets/alloy/styles/details_js
[DEBUG]  Copying and minifying /Users/xdeveloper/Desktop/Testing/Resources/iphone/alloy/styles/dresses.js => /Users/xdeveloper/Desktop/Testing/build/iphone/assets/alloy/styles/dresses_js
[DEBUG]  Copying and minifying /Users/xdeveloper/Desktop/Testing/Resources/iphone/alloy/styles/index.js => /Users/xdeveloper/Desktop/Testing/build/iphone/assets/alloy/styles/index_js
[DEBUG]  Copying and minifying /Users/xdeveloper/Desktop/Testing/Resources/iphone/alloy/styles/jackets.js => /Users/xdeveloper/Desktop/Testing/build/iphone/assets/alloy/styles/jackets_js
[DEBUG]  Copying and minifying /Users/xdeveloper/Desktop/Testing/Resources/iphone/alloy/styles/tops.js => /Users/xdeveloper/Desktop/Testing/build/iphone/assets/alloy/styles/tops_js
[DEBUG]  Copying and minifying /Users/xdeveloper/Desktop/Testing/Resources/iphone/alloy/styles/trousers.js => /Users/xdeveloper/Desktop/Testing/build/iphone/assets/alloy/styles/trousers_js
[TRACE]  No change, skipping /Users/xdeveloper/Desktop/Testing/build/iphone/assets/alloy/sync/localStorage_js
[TRACE]  No change, skipping /Users/xdeveloper/Desktop/Testing/build/iphone/assets/alloy/sync/properties_js
[TRACE]  No change, skipping /Users/xdeveloper/Desktop/Testing/build/iphone/assets/alloy/sync/sql_js
[TRACE]  No change, skipping /Users/xdeveloper/Desktop/Testing/build/iphone/assets/alloy/underscore_js
[TRACE]  No change, skipping /Users/xdeveloper/Desktop/Testing/build/iphone/assets/alloy/widget_js
[TRACE]  No change, skipping /Users/xdeveloper/Desktop/Testing/build/iphone/assets/alloy_js
[TRACE]  No change, skipping /Users/xdeveloper/Desktop/Testing/build/iphone/assets/ti_cloud_js
[INFO]   Writing app properties
[TRACE]  No change, skipping /Users/xdeveloper/Desktop/Testing/build/iphone/assets/_app_props__json
[INFO]   Encrypting JavaScript files
[DEBUG]  Preparing alloy/CFG_js
[DEBUG]  Preparing app_js
[DEBUG]  Preparing alloy/backbone_js
[DEBUG]  Preparing alloy/constants_js
[DEBUG]  Preparing alloy/controllers/BaseController_js
[DEBUG]  Preparing alloy/controllers/about_js
[DEBUG]  Preparing alloy/controllers/cart_js
[DEBUG]  Preparing alloy/controllers/categories_js
[DEBUG]  Preparing alloy/controllers/details_js
[DEBUG]  Preparing alloy/controllers/dresses_js
[DEBUG]  Preparing alloy/controllers/index_js
[DEBUG]  Preparing alloy/controllers/jackets_js
[DEBUG]  Preparing alloy/controllers/tops_js
[DEBUG]  Preparing alloy/controllers/trousers_js
[DEBUG]  Preparing alloy/models/Cart_js
[DEBUG]  Preparing alloy/models/Items_js
[DEBUG]  Preparing alloy/styles/about_js
[DEBUG]  Preparing alloy/styles/cart_js
[DEBUG]  Preparing alloy/styles/categories_js
[DEBUG]  Preparing alloy/styles/details_js
[DEBUG]  Preparing alloy/styles/dresses_js
[DEBUG]  Preparing alloy/styles/index_js
[DEBUG]  Preparing alloy/styles/jackets_js
[DEBUG]  Preparing alloy/styles/tops_js
[DEBUG]  Preparing alloy/styles/trousers_js
[DEBUG]  Preparing alloy/sync/localStorage_js
[DEBUG]  Preparing alloy/sync/properties_js
[DEBUG]  Preparing alloy/sync/sql_js
[DEBUG]  Preparing alloy/underscore_js
[DEBUG]  Preparing alloy/widget_js
[DEBUG]  Preparing alloy_js
[DEBUG]  Preparing ti_cloud_js
[DEBUG]  Preparing _app_props__json
[DEBUG]  Running /Users/xdeveloper/Library/Application Support/Titanium/mobilesdk/osx/5.1.1.GA/iphone/titanium_prep "hk.edu.hkbu.comp.mac" "/Users/xdeveloper/Desktop/Testing/build/iphone/assets"
[DEBUG]  Writing application routing source file: /Users/xdeveloper/Desktop/Testing/build/iphone/Classes/ApplicationRouting.m
[INFO]   Writing i18n files
[DEBUG]  No i18n files to process
[INFO]   Processing Titanium symbols
[DEBUG]  Processing Titanium namespace resources
[TRACE]  No change, skipping /Users/xdeveloper/Desktop/Testing/build/iphone/build/Products/Debug-iphoneos/Testing.app/modules/ui/images/badge.png
[TRACE]  No change, skipping /Users/xdeveloper/Desktop/Testing/build/iphone/build/Products/Debug-iphoneos/Testing.app/modules/ui/images/closeButton.png
[TRACE]  No change, skipping /Users/xdeveloper/Desktop/Testing/build/iphone/build/Products/Debug-iphoneos/Testing.app/modules/ui/images/photoDefault.png
[TRACE]  No change, skipping /Users/xdeveloper/Desktop/Testing/build/iphone/Classes/defines.h
[INFO]   Removing files
[DEBUG]  Removing /Users/xdeveloper/Desktop/Testing/build/iphone/Logs/Build/2FF4983A-D172-452A-B694-03EC94E5C626.xcactivitylog
[DEBUG]  Removing /Users/xdeveloper/Desktop/Testing/build/iphone/build/Products/Debug-iphoneos/Testing.ipa
[DEBUG]  Removing empty directories
[INFO]   Optimizing .plist and .png files
[TRACE]  No change, skipping /Users/xdeveloper/Desktop/Testing/build/iphone/build/Products/Debug-iphoneos/Testing.app/Eline.png
[TRACE]  No change, skipping /Users/xdeveloper/Desktop/Testing/build/iphone/build/Products/Debug-iphoneos/Testing.app/Info.plist
[TRACE]  No change, skipping /Users/xdeveloper/Desktop/Testing/build/iphone/build/Products/Debug-iphoneos/Testing.app/KS_nav_ui.png
[TRACE]  No change, skipping /Users/xdeveloper/Desktop/Testing/build/iphone/build/Products/Debug-iphoneos/Testing.app/KS_nav_views.png
[TRACE]  No change, skipping /Users/xdeveloper/Desktop/Testing/build/iphone/build/Products/Debug-iphoneos/Testing.app/blackberry/appicon.png
[TRACE]  No change, skipping /Users/xdeveloper/Desktop/Testing/build/iphone/build/Products/Debug-iphoneos/Testing.app/blackberry/map/bubble.png
[TRACE]  No change, skipping /Users/xdeveloper/Desktop/Testing/build/iphone/build/Products/Debug-iphoneos/Testing.app/blackberry/map/green_pin.png
[TRACE]  No change, skipping /Users/xdeveloper/Desktop/Testing/build/iphone/build/Products/Debug-iphoneos/Testing.app/blackberry/map/purple_pin.png
[TRACE]  No change, skipping /Users/xdeveloper/Desktop/Testing/build/iphone/build/Products/Debug-iphoneos/Testing.app/blackberry/map/red_pin.png
[TRACE]  No change, skipping /Users/xdeveloper/Desktop/Testing/build/iphone/build/Products/Debug-iphoneos/Testing.app/blackberry/splash-600x1024.png
[TRACE]  No change, skipping /Users/xdeveloper/Desktop/Testing/build/iphone/build/Products/Debug-iphoneos/Testing.app/cart.png
[TRACE]  No change, skipping /Users/xdeveloper/Desktop/Testing/build/iphone/build/Products/Debug-iphoneos/Testing.app/contact.png
[TRACE]  No change, skipping /Users/xdeveloper/Desktop/Testing/build/iphone/build/Products/Debug-iphoneos/Testing.app/home.png
[TRACE]  No change, skipping /Users/xdeveloper/Desktop/Testing/build/iphone/build/Products/Debug-iphoneos/Testing.app/info.png
[TRACE]  No change, skipping /Users/xdeveloper/Desktop/Testing/build/iphone/build/Products/Debug-iphoneos/Testing.app/modules/ui/images/badge.png
[TRACE]  No change, skipping /Users/xdeveloper/Desktop/Testing/build/iphone/build/Products/Debug-iphoneos/Testing.app/modules/ui/images/closeButton.png
[TRACE]  No change, skipping /Users/xdeveloper/Desktop/Testing/build/iphone/build/Products/Debug-iphoneos/Testing.app/modules/ui/images/photoDefault.png
[TRACE]  No change, skipping /Users/xdeveloper/Desktop/Testing/build/iphone/build/Products/Debug-iphoneos/Testing.app/sale.png
[TRACE]  No change, skipping /Users/xdeveloper/Desktop/Testing/build/iphone/build/Products/Debug-iphoneos/Testing.app/shopnow.png
[TRACE]  No change, skipping /Users/xdeveloper/Desktop/Testing/build/iphone/build/Products/Debug-iphoneos/Testing.app/star.png
[DEBUG]  Optimizing /Users/xdeveloper/Desktop/Testing/build/iphone/build/Products/Debug-iphoneos/Testing.app/AppIcon29x29@2x.png
[DEBUG]  Optimizing /Users/xdeveloper/Desktop/Testing/build/iphone/build/Products/Debug-iphoneos/Testing.app/AppIcon29x29@2x~ipad.png
[DEBUG]  Optimizing /Users/xdeveloper/Desktop/Testing/build/iphone/build/Products/Debug-iphoneos/Testing.app/AppIcon29x29@3x.png
[DEBUG]  Optimizing /Users/xdeveloper/Desktop/Testing/build/iphone/build/Products/Debug-iphoneos/Testing.app/AppIcon40x40@2x.png
[DEBUG]  Optimizing /Users/xdeveloper/Desktop/Testing/build/iphone/build/Products/Debug-iphoneos/Testing.app/AppIcon40x40@2x~ipad.png
[DEBUG]  Optimizing /Users/xdeveloper/Desktop/Testing/build/iphone/build/Products/Debug-iphoneos/Testing.app/AppIcon40x40@3x.png
[DEBUG]  Optimizing /Users/xdeveloper/Desktop/Testing/build/iphone/build/Products/Debug-iphoneos/Testing.app/AppIcon60x60@2x.png
[DEBUG]  Optimizing /Users/xdeveloper/Desktop/Testing/build/iphone/build/Products/Debug-iphoneos/Testing.app/AppIcon60x60@3x.png
[DEBUG]  Optimizing /Users/xdeveloper/Desktop/Testing/build/iphone/build/Products/Debug-iphoneos/Testing.app/LaunchImage-700-568h@2x.png
[DEBUG]  Optimizing /Users/xdeveloper/Desktop/Testing/build/iphone/build/Products/Debug-iphoneos/Testing.app/LaunchImage-700@2x.png
[DEBUG]  Optimizing /Users/xdeveloper/Desktop/Testing/build/iphone/build/Products/Debug-iphoneos/Testing.app/LaunchImage-800-667h@2x.png
[DEBUG]  Optimizing /Users/xdeveloper/Desktop/Testing/build/iphone/build/Products/Debug-iphoneos/Testing.app/LaunchImage-800-Landscape-736h@3x.png
[DEBUG]  Optimizing /Users/xdeveloper/Desktop/Testing/build/iphone/build/Products/Debug-iphoneos/Testing.app/LaunchImage-800-Portrait-736h@3x.png
[INFO]   Invoking xcodebuild
[DEBUG]  Invoking: DEVELOPER_DIR=/Applications/Xcode.app/Contents/Developer /Applications/Xcode.app/Contents/Developer/usr/bin/xcodebuild build -target Testing -configuration Debug -scheme Testing -derivedDataPath /Users/xdeveloper/Desktop/Testing/build/iphone OBJROOT=/Users/xdeveloper/Desktop/Testing/build/iphone/build/Intermediates SHARED_PRECOMPS_DIR=/Users/xdeveloper/Desktop/Testing/build/iphone/build/Intermediates/PrecompiledHeaders SYMROOT=/Users/xdeveloper/Desktop/Testing/build/iphone/build/Products
[TRACE]  User defaults from command line:
[TRACE]      IDEDerivedDataPathOverride = /Users/xdeveloper/Desktop/Testing/build/iphone
[TRACE]  Build settings from command line:
[TRACE]      OBJROOT = /Users/xdeveloper/Desktop/Testing/build/iphone/build/Intermediates
[TRACE]      SHARED_PRECOMPS_DIR = /Users/xdeveloper/Desktop/Testing/build/iphone/build/Intermediates/PrecompiledHeaders
[TRACE]      SYMROOT = /Users/xdeveloper/Desktop/Testing/build/iphone/build/Products
[TRACE]  
[TRACE]  === BUILD TARGET Testing OF PROJECT Testing WITH CONFIGURATION Debug ===
[TRACE]  Check dependencies
[TRACE]  
[TRACE]  CompileC build/Intermediates/Testing.build/Debug-iphoneos/Testing.build/Objects-normal/armv7/ApplicationRouting.o Classes/ApplicationRouting.m normal armv7 objective-c com.apple.compilers.llvm.clang.1_0.compiler
[TRACE]      cd /Users/xdeveloper/Desktop/Testing/build/iphone
[TRACE]      export LANG=en_US.US-ASCII
[TRACE]      export PATH="/Applications/Xcode.app/Contents/Developer/Platforms/iPhoneOS.platform/Developer/usr/bin:/Applications/Xcode.app/Contents/Developer/usr/bin:/Library/Java/JavaVirtualMachines/jdk1.7.0_79.jdk/Contents/Home/bin:/usr/local/bin:/usr/bin:/bin:/usr/sbin:/sbin"
[TRACE]      /Applications/Xcode.app/Contents/Developer/Toolchains/XcodeDefault.xctoolchain/usr/bin/clang -x objective-c -arch armv7 -fmessage-length=0 -fdiagnostics-show-note-include-stack -fmacro-backtrace-limit=0 -std=c99 -fmodules -fmodules-cache-path=/Users/xdeveloper/Desktop/Testing/build/iphone/ModuleCache -fmodules-prune-interval=86400 -fmodules-prune-after=345600 -fbuild-session-file=/Users/xdeveloper/Desktop/Testing/build/iphone/ModuleCache/Session.modulevalidation -fmodules-validate-once-per-build-session -Wnon-modular-include-in-framework-module -Werror=non-modular-include-in-framework-module -Wno-trigraphs -fpascal-strings -O0 -Wno-missing-field-initializers -Wno-missing-prototypes -Wno-return-type -Wno-implicit-atomic-properties -Wno-receiver-is-weak -Wno-arc-repeated-use-of-weak -Wduplicate-method-match -Wno-missing-braces -Wno-parentheses -Wswitch -Wunused-function -Wno-unused-label -Wno-unused-parameter -Wno-unused-variable -Wno-unused-value -Wempty-body -Wuninitialized -Wno-unknown-pragmas -Wno-shadow -Wno-four-char-constants -Wno-conversion -Wconstant-conversion -Wint-conversion -Wbool-conversion -Wenum-conversion -Wshorten-64-to-32 -Wpointer-sign -Wno-newline-eof -Wno-selector -Wno-strict-selector-match -Wno-undeclared-selector -Wno-deprecated-implementations -DDEPLOYTYPE=test -DOBJC_OLD_DISPATCH_PROTOTYPES=0 -isysroot /Applications/Xcode.app/Contents/Developer/Platforms/iPhoneOS.platform/Developer/SDKs/iPhoneOS8.4.sdk -fstrict-aliasing -Wprotocol -Wdeprecated-declarations -g -fvisibility=hidden -Wno-sign-conversion -miphoneos-version-min=7.1 -iquote /Users/xdeveloper/Desktop/Testing/build/iphone/build/Intermediates/Testing.build/Debug-iphoneos/Testing.build/Testing-generated-files.hmap -I/Users/xdeveloper/Desktop/Testing/build/iphone/build/Intermediates/Testing.build/Debug-iphoneos/Testing.build/Testing-own-target-headers.hmap -I/Users/xdeveloper/Desktop/Testing/build/iphone/build/Intermediates/Testing.build/Debug-iphoneos/Testing.build/Testing-all-target-headers.hmap -iquote /Users/xdeveloper/Desktop/Testing/build/iphone/build/Intermediates/Testing.build/Debug-iphoneos/Testing.build/Testing-project-headers.hmap -I/Users/xdeveloper/Desktop/Testing/build/iphone/build/Products/Debug-iphoneos/include -I/Applications/Xcode.app/Contents/Developer/Platforms/iPhoneOS.platform/Developer/SDKs/iPhoneOS8.4.sdk/usr/include/libxml2 -Iheaders -I/Users/xdeveloper/Desktop/Testing/build/iphone/build/Intermediates/Testing.build/Debug-iphoneos/Testing.build/DerivedSources/armv7 -I/Users/xdeveloper/Desktop/Testing/build/iphone/build/Intermediates/Testing.build/Debug-iphoneos/Testing.build/DerivedSources -F/Users/xdeveloper/Desktop/Testing/build/iphone/build/Products/Debug-iphoneos -DDEBUG -include /Users/xdeveloper/Desktop/Testing/build/iphone/build/Intermediates/PrecompiledHeaders/Testing_Prefix-aejqokjjluyrdeeapgtkqlonwvfe/Testing_Prefix.pch -MMD -MT dependencies -MF /Users/xdeveloper/Desktop/Testing/build/iphone/build/Intermediates/Testing.build/Debug-iphoneos/Testing.build/Objects-normal/armv7/ApplicationRouting.d --serialize-diagnostics /Users/xdeveloper/Desktop/Testing/build/iphone/build/Intermediates/Testing.build/Debug-iphoneos/Testing.build/Objects-normal/armv7/ApplicationRouting.dia -c /Users/xdeveloper/Desktop/Testing/build/iphone/Classes/ApplicationRouting.m -o /Users/xdeveloper/Desktop/Testing/build/iphone/build/Intermediates/Testing.build/Debug-iphoneos/Testing.build/Objects-normal/armv7/ApplicationRouting.o
[TRACE]  
[TRACE]  CompileC build/Intermediates/Testing.build/Debug-iphoneos/Testing.build/Objects-normal/arm64/ApplicationRouting.o Classes/ApplicationRouting.m normal arm64 objective-c com.apple.compilers.llvm.clang.1_0.compiler
[TRACE]      cd /Users/xdeveloper/Desktop/Testing/build/iphone
[TRACE]      export LANG=en_US.US-ASCII
[TRACE]      export PATH="/Applications/Xcode.app/Contents/Developer/Platforms/iPhoneOS.platform/Developer/usr/bin:/Applications/Xcode.app/Contents/Developer/usr/bin:/Library/Java/JavaVirtualMachines/jdk1.7.0_79.jdk/Contents/Home/bin:/usr/local/bin:/usr/bin:/bin:/usr/sbin:/sbin"
[TRACE]      /Applications/Xcode.app/Contents/Developer/Toolchains/XcodeDefault.xctoolchain/usr/bin/clang -x objective-c -arch arm64 -fmessage-length=0 -fdiagnostics-show-note-include-stack -fmacro-backtrace-limit=0 -std=c99 -fmodules -fmodules-cache-path=/Users/xdeveloper/Desktop/Testing/build/iphone/ModuleCache -fmodules-prune-interval=86400 -fmodules-prune-after=345600 -fbuild-session-file=/Users/xdeveloper/Desktop/Testing/build/iphone/ModuleCache/Session.modulevalidation -fmodules-validate-once-per-build-session -Wnon-modular-include-in-framework-module -Werror=non-modular-include-in-framework-module -Wno-trigraphs -fpascal-strings -O0 -Wno-missing-field-initializers -Wno-missing-prototypes -Wno-return-type -Wno-implicit-atomic-properties -Wno-receiver-is-weak -Wno-arc-repeated-use-of-weak -Wduplicate-method-match -Wno-missing-braces -Wno-parentheses -Wswitch -Wunused-function -Wno-unused-label -Wno-unused-parameter -Wno-unused-variable -Wno-unused-value -Wempty-body -Wuninitialized -Wno-unknown-pragmas -Wno-shadow -Wno-four-char-constants -Wno-conversion -Wconstant-conversion -Wint-conversion -Wbool-conversion -Wenum-conversion -Wshorten-64-to-32 -Wpointer-sign -Wno-newline-eof -Wno-selector -Wno-strict-selector-match -Wno-undeclared-selector -Wno-deprecated-implementations -DDEPLOYTYPE=test -DOBJC_OLD_DISPATCH_PROTOTYPES=0 -isysroot /Applications/Xcode.app/Contents/Developer/Platforms/iPhoneOS.platform/Developer/SDKs/iPhoneOS8.4.sdk -fstrict-aliasing -Wprotocol -Wdeprecated-declarations -g -fvisibility=hidden -Wno-sign-conversion -miphoneos-version-min=7.1 -iquote /Users/xdeveloper/Desktop/Testing/build/iphone/build/Intermediates/Testing.build/Debug-iphoneos/Testing.build/Testing-generated-files.hmap -I/Users/xdeveloper/Desktop/Testing/build/iphone/build/Intermediates/Testing.build/Debug-iphoneos/Testing.build/Testing-own-target-headers.hmap -I/Users/xdeveloper/Desktop/Testing/build/iphone/build/Intermediates/Testing.build/Debug-iphoneos/Testing.build/Testing-all-target-headers.hmap -iquote /Users/xdeveloper/Desktop/Testing/build/iphone/build/Intermediates/Testing.build/Debug-iphoneos/Testing.build/Testing-project-headers.hmap -I/Users/xdeveloper/Desktop/Testing/build/iphone/build/Products/Debug-iphoneos/include -I/Applications/Xcode.app/Contents/Developer/Platforms/iPhoneOS.platform/Developer/SDKs/iPhoneOS8.4.sdk/usr/include/libxml2 -Iheaders -I/Users/xdeveloper/Desktop/Testing/build/iphone/build/Intermediates/Testing.build/Debug-iphoneos/Testing.build/DerivedSources/arm64 -I/Users/xdeveloper/Desktop/Testing/build/iphone/build/Intermediates/Testing.build/Debug-iphoneos/Testing.build/DerivedSources -F/Users/xdeveloper/Desktop/Testing/build/iphone/build/Products/Debug-iphoneos -DDEBUG -include /Users/xdeveloper/Desktop/Testing/build/iphone/build/Intermediates/PrecompiledHeaders/Testing_Prefix-bdwhrypidfcaycekxcjvdduvfimz/Testing_Prefix.pch -MMD -MT dependencies -MF /Users/xdeveloper/Desktop/Testing/build/iphone/build/Intermediates/Testing.build/Debug-iphoneos/Testing.build/Objects-normal/arm64/ApplicationRouting.d --serialize-diagnostics /Users/xdeveloper/Desktop/Testing/build/iphone/build/Intermediates/Testing.build/Debug-iphoneos/Testing.build/Objects-normal/arm64/ApplicationRouting.dia -c /Users/xdeveloper/Desktop/Testing/build/iphone/Classes/ApplicationRouting.m -o /Users/xdeveloper/Desktop/Testing/build/iphone/build/Intermediates/Testing.build/Debug-iphoneos/Testing.build/Objects-normal/arm64/ApplicationRouting.o
[TRACE]  
[TRACE]  Ld build/Intermediates/Testing.build/Debug-iphoneos/Testing.build/Objects-normal/armv7/Testing normal armv7
[TRACE]      cd /Users/xdeveloper/Desktop/Testing/build/iphone
[TRACE]      export IPHONEOS_DEPLOYMENT_TARGET=7.1
[TRACE]      export PATH="/Applications/Xcode.app/Contents/Developer/Platforms/iPhoneOS.platform/Developer/usr/bin:/Applications/Xcode.app/Contents/Developer/usr/bin:/Library/Java/JavaVirtualMachines/jdk1.7.0_79.jdk/Contents/Home/bin:/usr/local/bin:/usr/bin:/bin:/usr/sbin:/sbin"
[TRACE]      /Applications/Xcode.app/Contents/Developer/Toolchains/XcodeDefault.xctoolchain/usr/bin/clang++ -arch armv7 -isysroot /Applications/Xcode.app/Contents/Developer/Platforms/iPhoneOS.platform/Developer/SDKs/iPhoneOS8.4.sdk -L/Users/xdeveloper/Desktop/Testing/build/iphone/build/Products/Debug-iphoneos -L/Users/xdeveloper/Desktop/Testing/build/iphone/lib -L/Users/xdeveloper/Desktop/Testing/build/iphone/Classes/APSAnalytics -L/Users/xdeveloper/Desktop/Testing/build/iphone/Classes/APSHTTPClient -F/Users/xdeveloper/Desktop/Testing/build/iphone/build/Products/Debug-iphoneos -filelist /Users/xdeveloper/Desktop/Testing/build/iphone/build/Intermediates/Testing.build/Debug-iphoneos/Testing.build/Objects-normal/armv7/Testing.LinkFileList -dead_strip -ObjC -weak-lti_ios_profiler -weak-lti_ios_debugger -weak-lTiCore -fobjc-link-runtime -stdlib=libc++ -miphoneos-version-min=7.1 -weak_framework iAd -framework CoreMedia -weak_framework CoreMotion -lAPSAnalytics -weak_framework CoreText -framework EventKit -framework EventKitUI -weak_framework Security -licucore -framework Foundation -weak_framework UIKit -framework CoreGraphics -weak_framework AddressBook -framework AddressBookUI -framework CFNetwork -framework CoreLocation -weak_framework MapKit -framework MessageUI -framework MobileCoreServices -framework OpenGLES -framework QuartzCore -framework SystemConfiguration -lsqlite3 -lz -framework AudioToolbox -weak_framework MediaPlayer -framework AVFoundation -lxml2 -framework StoreKit -lAPSHTTPClient -framework ExternalAccessory -ltiverify -Xlinker -dependency_info -Xlinker /Users/xdeveloper/Desktop/Testing/build/iphone/build/Intermediates/Testing.build/Debug-iphoneos/Testing.build/Objects-normal/armv7/Testing_dependency_info.dat -o /Users/xdeveloper/Desktop/Testing/build/iphone/build/Intermediates/Testing.build/Debug-iphoneos/Testing.build/Objects-normal/armv7/Testing
[TRACE]  
[TRACE]  Ld build/Intermediates/Testing.build/Debug-iphoneos/Testing.build/Objects-normal/arm64/Testing normal arm64
[TRACE]      cd /Users/xdeveloper/Desktop/Testing/build/iphone
[TRACE]      export IPHONEOS_DEPLOYMENT_TARGET=7.1
[TRACE]      export PATH="/Applications/Xcode.app/Contents/Developer/Platforms/iPhoneOS.platform/Developer/usr/bin:/Applications/Xcode.app/Contents/Developer/usr/bin:/Library/Java/JavaVirtualMachines/jdk1.7.0_79.jdk/Contents/Home/bin:/usr/local/bin:/usr/bin:/bin:/usr/sbin:/sbin"
[TRACE]      /Applications/Xcode.app/Contents/Developer/Toolchains/XcodeDefault.xctoolchain/usr/bin/clang++ -arch arm64 -isysroot /Applications/Xcode.app/Contents/Developer/Platforms/iPhoneOS.platform/Developer/SDKs/iPhoneOS8.4.sdk -L/Users/xdeveloper/Desktop/Testing/build/iphone/build/Products/Debug-iphoneos -L/Users/xdeveloper/Desktop/Testing/build/iphone/lib -L/Users/xdeveloper/Desktop/Testing/build/iphone/Classes/APSAnalytics -L/Users/xdeveloper/Desktop/Testing/build/iphone/Classes/APSHTTPClient -F/Users/xdeveloper/Desktop/Testing/build/iphone/build/Products/Debug-iphoneos -filelist /Users/xdeveloper/Desktop/Testing/build/iphone/build/Intermediates/Testing.build/Debug-iphoneos/Testing.build/Objects-normal/arm64/Testing.LinkFileList -dead_strip -ObjC -weak-lti_ios_profiler -weak-lti_ios_debugger -weak-lTiCore -fobjc-link-runtime -stdlib=libc++ -miphoneos-version-min=7.1 -weak_framework iAd -framework CoreMedia -weak_framework CoreMotion -lAPSAnalytics -weak_framework CoreText -framework EventKit -framework EventKitUI -weak_framework Security -licucore -framework Foundation -weak_framework UIKit -framework CoreGraphics -weak_framework AddressBook -framework AddressBookUI -framework CFNetwork -framework CoreLocation -weak_framework MapKit -framework MessageUI -framework MobileCoreServices -framework OpenGLES -framework QuartzCore -framework SystemConfiguration -lsqlite3 -lz -framework AudioToolbox -weak_framework MediaPlayer -framework AVFoundation -lxml2 -framework StoreKit -lAPSHTTPClient -framework ExternalAccessory -ltiverify -Xlinker -dependency_info -Xlinker /Users/xdeveloper/Desktop/Testing/build/iphone/build/Intermediates/Testing.build/Debug-iphoneos/Testing.build/Objects-normal/arm64/Testing_dependency_info.dat -o /Users/xdeveloper/Desktop/Testing/build/iphone/build/Intermediates/Testing.build/Debug-iphoneos/Testing.build/Objects-normal/arm64/Testing
[TRACE]  
[TRACE]  CreateUniversalBinary build/Products/Debug-iphoneos/Testing.app/Testing normal armv7\ arm64
[TRACE]      cd /Users/xdeveloper/Desktop/Testing/build/iphone
[TRACE]      export PATH="/Applications/Xcode.app/Contents/Developer/Platforms/iPhoneOS.platform/Developer/usr/bin:/Applications/Xcode.app/Contents/Developer/usr/bin:/Library/Java/JavaVirtualMachines/jdk1.7.0_79.jdk/Contents/Home/bin:/usr/local/bin:/usr/bin:/bin:/usr/sbin:/sbin"
[TRACE]      /Applications/Xcode.app/Contents/Developer/Toolchains/XcodeDefault.xctoolchain/usr/bin/lipo -create /Users/xdeveloper/Desktop/Testing/build/iphone/build/Intermediates/Testing.build/Debug-iphoneos/Testing.build/Objects-normal/armv7/Testing /Users/xdeveloper/Desktop/Testing/build/iphone/build/Intermediates/Testing.build/Debug-iphoneos/Testing.build/Objects-normal/arm64/Testing -output /Users/xdeveloper/Desktop/Testing/build/iphone/build/Products/Debug-iphoneos/Testing.app/Testing
[TRACE]  
[TRACE]  GenerateDSYMFile build/Products/Debug-iphoneos/Testing.app.dSYM build/Products/Debug-iphoneos/Testing.app/Testing
[TRACE]      cd /Users/xdeveloper/Desktop/Testing/build/iphone
[TRACE]      export PATH="/Applications/Xcode.app/Contents/Developer/Platforms/iPhoneOS.platform/Developer/usr/bin:/Applications/Xcode.app/Contents/Developer/usr/bin:/Library/Java/JavaVirtualMachines/jdk1.7.0_79.jdk/Contents/Home/bin:/usr/local/bin:/usr/bin:/bin:/usr/sbin:/sbin"
[TRACE]      /Applications/Xcode.app/Contents/Developer/Toolchains/XcodeDefault.xctoolchain/usr/bin/dsymutil /Users/xdeveloper/Desktop/Testing/build/iphone/build/Products/Debug-iphoneos/Testing.app/Testing -o /Users/xdeveloper/Desktop/Testing/build/iphone/build/Products/Debug-iphoneos/Testing.app.dSYM
[TRACE]  
[TRACE]  Touch build/Products/Debug-iphoneos/Testing.app
[TRACE]      cd /Users/xdeveloper/Desktop/Testing/build/iphone
[TRACE]      export PATH="/Applications/Xcode.app/Contents/Developer/Platforms/iPhoneOS.platform/Developer/usr/bin:/Applications/Xcode.app/Contents/Developer/usr/bin:/Library/Java/JavaVirtualMachines/jdk1.7.0_79.jdk/Contents/Home/bin:/usr/local/bin:/usr/bin:/bin:/usr/sbin:/sbin"
[TRACE]      /usr/bin/touch -c /Users/xdeveloper/Desktop/Testing/build/iphone/build/Products/Debug-iphoneos/Testing.app
[TRACE]  
[TRACE]  Stripping build/Products/Debug-iphoneos/Testing.app/Testing
[TRACE]      cd /Users/xdeveloper/Desktop/Testing/build/iphone
[TRACE]      export PATH="/Applications/Xcode.app/Contents/Developer/Platforms/iPhoneOS.platform/Developer/usr/bin:/Applications/Xcode.app/Contents/Developer/usr/bin:/Library/Java/JavaVirtualMachines/jdk1.7.0_79.jdk/Contents/Home/bin:/usr/local/bin:/usr/bin:/bin:/usr/sbin:/sbin"
[TRACE]      /Applications/Xcode.app/Contents/Developer/Toolchains/XcodeDefault.xctoolchain/usr/bin/strip /Users/xdeveloper/Desktop/Testing/build/iphone/build/Products/Debug-iphoneos/Testing.app/Testing
[TRACE]  
[TRACE]  CopySwiftLibs build/Products/Debug-iphoneos/Testing.app
[TRACE]      cd /Users/xdeveloper/Desktop/Testing/build/iphone
[TRACE]      export ACTION=build
[TRACE]      export AD_HOC_CODE_SIGNING_ALLOWED=NO
[TRACE]      export ALTERNATE_GROUP=staff
[TRACE]      export ALTERNATE_MODE=u+w,go-w,a+rX
[TRACE]      export ALTERNATE_OWNER=xdeveloper
[TRACE]      export ALWAYS_SEARCH_USER_PATHS=NO
[TRACE]      export ALWAYS_USE_SEPARATE_HEADERMAPS=YES
[TRACE]      export APPLE_INTERNAL_DEVELOPER_DIR=/AppleInternal/Developer
[TRACE]      export APPLE_INTERNAL_DIR=/AppleInternal
[TRACE]      export APPLE_INTERNAL_DOCUMENTATION_DIR=/AppleInternal/Documentation
[TRACE]      export APPLE_INTERNAL_LIBRARY_DIR=/AppleInternal/Library
[TRACE]      export APPLE_INTERNAL_TOOLS=/AppleInternal/Developer/Tools
[TRACE]      export APPLICATION_EXTENSION_API_ONLY=NO
[TRACE]      export APPLY_RULES_IN_COPY_FILES=NO
[TRACE]      export ARCHS="armv7 arm64"
[TRACE]      export ARCHS_STANDARD="armv7 arm64"
[TRACE]      export ARCHS_STANDARD_32_64_BIT="armv7 arm64"
[TRACE]      export ARCHS_STANDARD_32_BIT=armv7
[TRACE]      export ARCHS_STANDARD_64_BIT=arm64
[TRACE]      export ARCHS_STANDARD_INCLUDING_64_BIT="armv7 arm64"
[TRACE]      export ARCHS_UNIVERSAL_IPHONE_OS="armv7 arm64"
[TRACE]      export ASSETCATALOG_COMPILER_APPICON_NAME=AppIcon
[TRACE]      export ASSETCATALOG_COMPILER_LAUNCHIMAGE_NAME=LaunchImage
[TRACE]      export AVAILABLE_PLATFORMS="iphonesimulator macosx iphoneos"
[TRACE]      export BUILD_COMPONENTS="headers build"
[TRACE]      export BUILD_DIR=/Users/xdeveloper/Desktop/Testing/build/iphone/build/Products
[TRACE]      export BUILD_ROOT=/Users/xdeveloper/Desktop/Testing/build/iphone/build/Products
[TRACE]      export BUILD_STYLE=
[TRACE]      export BUILD_VARIANTS=normal
[TRACE]      export BUILT_PRODUCTS_DIR=/Users/xdeveloper/Desktop/Testing/build/iphone/build/Products/Debug-iphoneos
[TRACE]      export CACHE_ROOT=/var/folders/hk/mg13m0zn02d6gm6fs51s89280000gq/C/com.apple.DeveloperTools/6.4-6E35b/Xcode
[TRACE]      export CCHROOT=/var/folders/hk/mg13m0zn02d6gm6fs51s89280000gq/C/com.apple.DeveloperTools/6.4-6E35b/Xcode
[TRACE]      export CHMOD=/bin/chmod
[TRACE]      export CHOWN=/usr/sbin/chown
[TRACE]      export CLANG_CXX_LANGUAGE_STANDARD=c++0x
[TRACE]      export CLANG_CXX_LIBRARY=libc++
[TRACE]      export CLANG_ENABLE_MODULES=YES
[TRACE]      export CLANG_MODULES_BUILD_SESSION_FILE=/Users/xdeveloper/Desktop/Testing/build/iphone/ModuleCache/Session.modulevalidation
[TRACE]      export CLANG_WARN_BOOL_CONVERSION=YES
[TRACE]      export CLANG_WARN_CONSTANT_CONVERSION=YES
[TRACE]      export CLANG_WARN_EMPTY_BODY=YES
[TRACE]      export CLANG_WARN_ENUM_CONVERSION=YES
[TRACE]      export CLANG_WARN_INT_CONVERSION=YES
[TRACE]      export CLANG_WARN__DUPLICATE_METHOD_MATCH=YES
[TRACE]      export CLASS_FILE_DIR=/Users/xdeveloper/Desktop/Testing/build/iphone/build/Intermediates/Testing.build/Debug-iphoneos/Testing.build/JavaClasses
[TRACE]      export CLEAN_PRECOMPS=YES
[TRACE]      export CLONE_HEADERS=NO
[TRACE]      export CODESIGNING_FOLDER_PATH=/Users/xdeveloper/Desktop/Testing/build/iphone/build/Products/Debug-iphoneos/Testing.app
[TRACE]      export CODE_SIGNING_ALLOWED=YES
[TRACE]      export CODE_SIGNING_REQUIRED=YES
[TRACE]      export CODE_SIGN_CONTEXT_CLASS=XCiPhoneOSCodeSignContext
[TRACE]      export CODE_SIGN_ENTITLEMENTS=Testing.entitlements
[TRACE]      export CODE_SIGN_IDENTITY="iPhone Developer: CS Mac Lab (6X7M63YKUZ)"
[TRACE]      export COLOR_DIAGNOSTICS=NO
[TRACE]      export COMBINE_HIDPI_IMAGES=NO
[TRACE]      export COMPOSITE_SDK_DIRS=/var/folders/hk/mg13m0zn02d6gm6fs51s89280000gq/C/com.apple.DeveloperTools/6.4-6E35b/Xcode/CompositeSDKs
[TRACE]      export COMPRESS_PNG_FILES=YES
[TRACE]      export CONFIGURATION=Debug
[TRACE]      export CONFIGURATION_BUILD_DIR=/Users/xdeveloper/Desktop/Testing/build/iphone/build/Products/Debug-iphoneos
[TRACE]      export CONFIGURATION_TEMP_DIR=/Users/xdeveloper/Desktop/Testing/build/iphone/build/Intermediates/Testing.build/Debug-iphoneos
[TRACE]      export CONTENTS_FOLDER_PATH=Testing.app
[TRACE]      export COPYING_PRESERVES_HFS_DATA=NO
[TRACE]      export COPY_PHASE_STRIP=NO
[TRACE]      export COPY_RESOURCES_FROM_STATIC_FRAMEWORKS=YES
[TRACE]      export CP=/bin/cp
[TRACE]      export CREATE_INFOPLIST_SECTION_IN_BINARY=NO
[TRACE]      export CURRENT_ARCH=arm64
[TRACE]      export CURRENT_VARIANT=normal
[TRACE]      export DEAD_CODE_STRIPPING=YES
[TRACE]      export DEBUGGING_SYMBOLS=YES
[TRACE]      export DEBUG_INFORMATION_FORMAT=dwarf-with-dsym
[TRACE]      export DEFAULT_COMPILER=com.apple.compilers.llvm.clang.1_0
[TRACE]      export DEFAULT_KEXT_INSTALL_PATH=/System/Library/Extensions
[TRACE]      export DEFINES_MODULE=NO
[TRACE]      export DEPLOYMENT_LOCATION=NO
[TRACE]      export DEPLOYMENT_POSTPROCESSING=YES
[TRACE]      export DERIVED_FILES_DIR=/Users/xdeveloper/Desktop/Testing/build/iphone/build/Intermediates/Testing.build/Debug-iphoneos/Testing.build/DerivedSources
[TRACE]      export DERIVED_FILE_DIR=/Users/xdeveloper/Desktop/Testing/build/iphone/build/Intermediates/Testing.build/Debug-iphoneos/Testing.build/DerivedSources
[TRACE]      export DERIVED_SOURCES_DIR=/Users/xdeveloper/Desktop/Testing/build/iphone/build/Intermediates/Testing.build/Debug-iphoneos/Testing.build/DerivedSources
[TRACE]      export DEVELOPER_APPLICATIONS_DIR=/Applications/Xcode.app/Contents/Developer/Applications
[TRACE]      export DEVELOPER_BIN_DIR=/Applications/Xcode.app/Contents/Developer/usr/bin
[TRACE]      export DEVELOPER_DIR=/Applications/Xcode.app/Contents/Developer
[TRACE]      export DEVELOPER_FRAMEWORKS_DIR=/Applications/Xcode.app/Contents/Developer/Library/Frameworks
[TRACE]      export DEVELOPER_FRAMEWORKS_DIR_QUOTED=/Applications/Xcode.app/Contents/Developer/Library/Frameworks
[TRACE]      export DEVELOPER_LIBRARY_DIR=/Applications/Xcode.app/Contents/Developer/Library
[TRACE]      export DEVELOPER_SDK_DIR=/Applications/Xcode.app/Contents/Developer/Platforms/MacOSX.platform/Developer/SDKs
[TRACE]      export DEVELOPER_TOOLS_DIR=/Applications/Xcode.app/Contents/Developer/Tools
[TRACE]      export DEVELOPER_USR_DIR=/Applications/Xcode.app/Contents/Developer/usr
[TRACE]      export DEVELOPMENT_LANGUAGE=English
[TRACE]      export DOCUMENTATION_FOLDER_PATH=Testing.app/English.lproj/Documentation
[TRACE]      export DO_HEADER_SCANNING_IN_JAM=NO
[TRACE]      export DSTROOT=/tmp/Testing.dst
[TRACE]      export DT_TOOLCHAIN_DIR=/Applications/Xcode.app/Contents/Developer/Toolchains/XcodeDefault.xctoolchain
[TRACE]      export DWARF_DSYM_FILE_NAME=Testing.app.dSYM
[TRACE]      export DWARF_DSYM_FILE_SHOULD_ACCOMPANY_PRODUCT=NO
[TRACE]      export DWARF_DSYM_FOLDER_PATH=/Users/xdeveloper/Desktop/Testing/build/iphone/build/Products/Debug-iphoneos
[TRACE]      export EFFECTIVE_PLATFORM_NAME=-iphoneos
[TRACE]      export EMBEDDED_CONTENT_CONTAINS_SWIFT=YES
[TRACE]      export EMBEDDED_PROFILE_NAME=embedded.mobileprovision
[TRACE]      export ENABLE_BITCODE=NO
[TRACE]      export ENABLE_HEADER_DEPENDENCIES=YES
[TRACE]      export ENABLE_STRICT_OBJC_MSGSEND=YES
[TRACE]      export ENTITLEMENTS_ALLOWED=YES
[TRACE]      export ENTITLEMENTS_REQUIRED=YES
[TRACE]      export EXCLUDED_INSTALLSRC_SUBDIRECTORY_PATTERNS=".DS_Store .svn .git .hg CVS"
[TRACE]      export EXCLUDED_RECURSIVE_SEARCH_PATH_SUBDIRECTORIES="*.nib *.lproj *.framework *.gch (*) .DS_Store CVS .svn .git .hg *.xcodeproj *.xcode *.pbproj *.pbxproj"
[TRACE]      export EXECUTABLES_FOLDER_PATH=Testing.app/Executables
[TRACE]      export EXECUTABLE_FOLDER_PATH=Testing.app
[TRACE]      export EXECUTABLE_NAME=Testing
[TRACE]      export EXECUTABLE_PATH=Testing.app/Testing
[TRACE]      export EXPANDED_CODE_SIGN_IDENTITY=A136FE1AC102A52AB2C6BF5F4A433061EB81821B
[TRACE]      export EXPANDED_CODE_SIGN_IDENTITY_NAME="iPhone Developer: CS Mac Lab (6X7M63YKUZ)"
[TRACE]      export EXPANDED_PROVISIONING_PROFILE=5f85b158-939f-4d46-8930-3452f038b135
[TRACE]      export FILE_LIST=/Users/xdeveloper/Desktop/Testing/build/iphone/build/Intermediates/Testing.build/Debug-iphoneos/Testing.build/Objects/LinkFileList
[TRACE]      export FIXED_FILES_DIR=/Users/xdeveloper/Desktop/Testing/build/iphone/build/Intermediates/Testing.build/Debug-iphoneos/Testing.build/FixedFiles
[TRACE]      export FRAMEWORKS_FOLDER_PATH=Testing.app/Frameworks
[TRACE]      export FRAMEWORK_FLAG_PREFIX=-framework
[TRACE]      export FRAMEWORK_SEARCH_PATHS="/Users/xdeveloper/Desktop/Testing/build/iphone/build/Products/Debug-iphoneos "
[TRACE]      export FRAMEWORK_VERSION=A
[TRACE]      export FULL_PRODUCT_NAME=Testing.app
[TRACE]      export GCC3_VERSION=3.3
[TRACE]      export GCC_C_LANGUAGE_STANDARD=c99
[TRACE]      export GCC_DYNAMIC_NO_PIC=NO
[TRACE]      export GCC_ENABLE_CPP_RTTI=NO
[TRACE]      export GCC_INLINES_ARE_PRIVATE_EXTERN=YES
[TRACE]      export GCC_OPTIMIZATION_LEVEL=0
[TRACE]      export GCC_PFE_FILE_C_DIALECTS="c objective-c c++ objective-c++"
[TRACE]      export GCC_PRECOMPILE_PREFIX_HEADER=YES
[TRACE]      export GCC_PREFIX_HEADER=Testing_Prefix.pch
[TRACE]      export GCC_PREPROCESSOR_DEFINITIONS=DEPLOYTYPE=test
[TRACE]      export GCC_SYMBOLS_PRIVATE_EXTERN=YES
[TRACE]      export GCC_THUMB_SUPPORT=NO
[TRACE]      export GCC_TREAT_WARNINGS_AS_ERRORS=NO
[TRACE]      export GCC_VERSION=com.apple.compilers.llvm.clang.1_0
[TRACE]      export GCC_VERSION_IDENTIFIER=com_apple_compilers_llvm_clang_1_0
[TRACE]      export GCC_WARN_64_TO_32_BIT_CONVERSION=YES
[TRACE]      export GCC_WARN_ABOUT_RETURN_TYPE=NO
[TRACE]      export GCC_WARN_MISSING_PARENTHESES=NO
[TRACE]      export GCC_WARN_UNINITIALIZED_AUTOS=YES
[TRACE]      export GCC_WARN_UNUSED_FUNCTION=YES
[TRACE]      export GCC_WARN_UNUSED_PARAMETER=NO
[TRACE]      export GCC_WARN_UNUSED_VALUE=NO
[TRACE]      export GCC_WARN_UNUSED_VARIABLE=NO
[TRACE]      export GENERATE_MASTER_OBJECT_FILE=NO
[TRACE]      export GENERATE_PKGINFO_FILE=YES
[TRACE]      export GENERATE_PROFILING_CODE=NO
[TRACE]      export GID=20
[TRACE]      export GROUP=staff
[TRACE]      export HEADERMAP_INCLUDES_FLAT_ENTRIES_FOR_TARGET_BEING_BUILT=YES
[TRACE]      export HEADERMAP_INCLUDES_FRAMEWORK_ENTRIES_FOR_ALL_PRODUCT_TYPES=YES
[TRACE]      export HEADERMAP_INCLUDES_NONPUBLIC_NONPRIVATE_HEADERS=YES
[TRACE]      export HEADERMAP_INCLUDES_PROJECT_HEADERS=YES
[TRACE]      export HEADERMAP_USES_FRAMEWORK_PREFIX_ENTRIES=YES
[TRACE]      export HEADERMAP_USES_VFS=NO
[TRACE]      export HEADER_SEARCH_PATHS="/Users/xdeveloper/Desktop/Testing/build/iphone/build/Products/Debug-iphoneos/include /Applications/Xcode.app/Contents/Developer/Platforms/iPhoneOS.platform/Developer/SDKs/iPhoneOS8.4.sdk/usr/include/libxml2 headers"
[TRACE]      export ICONV=/usr/bin/iconv
[TRACE]      export INFOPLIST_EXPAND_BUILD_SETTINGS=YES
[TRACE]      export INFOPLIST_FILE=Info.plist
[TRACE]      export INFOPLIST_OUTPUT_FORMAT=binary
[TRACE]      export INFOPLIST_PATH=Testing.app/Info.plist
[TRACE]      export INFOPLIST_PREPROCESS=NO
[TRACE]      export INFOSTRINGS_PATH=Testing.app/English.lproj/InfoPlist.strings
[TRACE]      export INSTALL_DIR=/tmp/Testing.dst/Applications
[TRACE]      export INSTALL_GROUP=staff
[TRACE]      export INSTALL_MODE_FLAG=u+w,go-w,a+rX
[TRACE]      export INSTALL_OWNER=xdeveloper
[TRACE]      export INSTALL_PATH=/Applications
[TRACE]      export INSTALL_ROOT=/tmp/Testing.dst
[TRACE]      export IPHONEOS_DEPLOYMENT_TARGET=7.1
[TRACE]      export JAVAC_DEFAULT_FLAGS="-J-Xms64m -J-XX:NewSize=4M -J-Dfile.encoding=UTF8"
[TRACE]      export JAVA_APP_STUB=/System/Library/Frameworks/JavaVM.framework/Resources/MacOS/JavaApplicationStub
[TRACE]      export JAVA_ARCHIVE_CLASSES=YES
[TRACE]      export JAVA_ARCHIVE_TYPE=JAR
[TRACE]      export JAVA_COMPILER=/usr/bin/javac
[TRACE]      export JAVA_FOLDER_PATH=Testing.app/Java
[TRACE]      export JAVA_FRAMEWORK_RESOURCES_DIRS=Resources
[TRACE]      export JAVA_JAR_FLAGS=cv
[TRACE]      export JAVA_SOURCE_SUBDIR=.
[TRACE]      export JAVA_USE_DEPENDENCIES=YES
[TRACE]      export JAVA_ZIP_FLAGS=-urg
[TRACE]      export JIKES_DEFAULT_FLAGS="+E +OLDCSO"
[TRACE]      export JSCORE_LD_FLAGS="-weak_framework JavaScriptCore"
[TRACE]      export KEEP_PRIVATE_EXTERNS=NO
[TRACE]      export LD_DEPENDENCY_INFO_FILE=/Users/xdeveloper/Desktop/Testing/build/iphone/build/Intermediates/Testing.build/Debug-iphoneos/Testing.build/Objects-normal/arm64/Testing_dependency_info.dat
[TRACE]      export LD_GENERATE_MAP_FILE=NO
[TRACE]      export LD_MAP_FILE_PATH=/Users/xdeveloper/Desktop/Testing/build/iphone/build/Intermediates/Testing.build/Debug-iphoneos/Testing.build/Testing-LinkMap-normal-arm64.txt
[TRACE]      export LD_NO_PIE=NO
[TRACE]      export LD_QUOTE_LINKER_ARGUMENTS_FOR_COMPILER_DRIVER=YES
[TRACE]      export LEGACY_DEVELOPER_DIR=/Applications/Xcode.app/Contents/PlugIns/Xcode3Core.ideplugin/Contents/SharedSupport/Developer
[TRACE]      export LEX=lex
[TRACE]      export LIBRARY_FLAG_NOSPACE=YES
[TRACE]      export LIBRARY_FLAG_PREFIX=-l
[TRACE]      export LIBRARY_KEXT_INSTALL_PATH=/Library/Extensions
[TRACE]      export LIBRARY_SEARCH_PATHS="/Users/xdeveloper/Desktop/Testing/build/iphone/build/Products/Debug-iphoneos  \"/Users/xdeveloper/Desktop/Testing/build/iphone/lib\" \"/Users/xdeveloper/Desktop/Testing/build/iphone/Classes/APSAnalytics\" \"/Users/xdeveloper/Desktop/Testing/build/iphone/Classes/APSHTTPClient\""
[TRACE]      export LINKER_DISPLAYS_MANGLED_NAMES=NO
[TRACE]      export LINK_FILE_LIST_normal_arm64=/Users/xdeveloper/Desktop/Testing/build/iphone/build/Intermediates/Testing.build/Debug-iphoneos/Testing.build/Objects-normal/arm64/Testing.LinkFileList
[TRACE]      export LINK_FILE_LIST_normal_armv7=/Users/xdeveloper/Desktop/Testing/build/iphone/build/Intermediates/Testing.build/Debug-iphoneos/Testing.build/Objects-normal/armv7/Testing.LinkFileList
[TRACE]      export LINK_WITH_STANDARD_LIBRARIES=YES
[TRACE]      export LOCALIZED_RESOURCES_FOLDER_PATH=Testing.app/English.lproj
[TRACE]      export LOCAL_ADMIN_APPS_DIR=/Applications/Utilities
[TRACE]      export LOCAL_APPS_DIR=/Applications
[TRACE]      export LOCAL_DEVELOPER_DIR=/Library/Developer
[TRACE]      export LOCAL_LIBRARY_DIR=/Library
[TRACE]      export MACH_O_TYPE=mh_execute
[TRACE]      export MAC_OS_X_PRODUCT_BUILD_VERSION=14E46
[TRACE]      export MAC_OS_X_VERSION_ACTUAL=101004
[TRACE]      export MAC_OS_X_VERSION_MAJOR=101000
[TRACE]      export MAC_OS_X_VERSION_MINOR=1004
[TRACE]      export MODULE_CACHE_DIR=/Users/xdeveloper/Desktop/Testing/build/iphone/ModuleCache
[TRACE]      export NATIVE_ARCH=armv7
[TRACE]      export NATIVE_ARCH_32_BIT=i386
[TRACE]      export NATIVE_ARCH_64_BIT=x86_64
[TRACE]      export NATIVE_ARCH_ACTUAL=x86_64
[TRACE]      export NO_COMMON=YES
[TRACE]      export OBJECT_FILE_DIR=/Users/xdeveloper/Desktop/Testing/build/iphone/build/Intermediates/Testing.build/Debug-iphoneos/Testing.build/Objects
[TRACE]      export OBJECT_FILE_DIR_normal=/Users/xdeveloper/Desktop/Testing/build/iphone/build/Intermediates/Testing.build/Debug-iphoneos/Testing.build/Objects-normal
[TRACE]      export OBJROOT=/Users/xdeveloper/Desktop/Testing/build/iphone/build/Intermediates
[TRACE]      export ONLY_ACTIVE_ARCH=NO
[TRACE]      export OPTIMIZATION_LEVEL=0
[TRACE]      export OS=MACOS
[TRACE]      export OSAC=/usr/bin/osacompile
[TRACE]      export OTHER_CFLAGS=-DDEBUG
[TRACE]      export OTHER_CPLUSPLUSFLAGS=-DDEBUG
[TRACE]      export OTHER_LDFLAGS="-ObjC -weak-lti_ios_profiler -weak-lti_ios_debugger -weak-lTiCore"
[TRACE]      export PACKAGE_TYPE=com.apple.package-type.wrapper.application
[TRACE]      export PASCAL_STRINGS=YES
[TRACE]      export PATH="/Applications/Xcode.app/Contents/Developer/Platforms/iPhoneOS.platform/Developer/usr/bin:/Applications/Xcode.app/Contents/Developer/usr/bin:/Library/Java/JavaVirtualMachines/jdk1.7.0_79.jdk/Contents/Home/bin:/usr/local/bin:/usr/bin:/bin:/usr/sbin:/sbin"
[TRACE]      export PATH_PREFIXES_EXCLUDED_FROM_HEADER_DEPENDENCIES="/usr/include /usr/local/include /System/Library/Frameworks /System/Library/PrivateFrameworks /Applications/Xcode.app/Contents/Developer/Headers /Applications/Xcode.app/Contents/Developer/SDKs /Applications/Xcode.app/Contents/Developer/Platforms"
[TRACE]      export PBDEVELOPMENTPLIST_PATH=Testing.app/pbdevelopment.plist
[TRACE]      export PFE_FILE_C_DIALECTS="c objective-c objective-c++"
[TRACE]      export PKGINFO_FILE_PATH=/Users/xdeveloper/Desktop/Testing/build/iphone/build/Intermediates/Testing.build/Debug-iphoneos/Testing.build/PkgInfo
[TRACE]      export PKGINFO_PATH=Testing.app/PkgInfo
[TRACE]      export PLATFORM_DEVELOPER_APPLICATIONS_DIR=/Applications/Xcode.app/Contents/Developer/Platforms/iPhoneOS.platform/Developer/Applications
[TRACE]      export PLATFORM_DEVELOPER_BIN_DIR=/Applications/Xcode.app/Contents/Developer/Platforms/iPhoneOS.platform/Developer/usr/bin
[TRACE]      export PLATFORM_DEVELOPER_LIBRARY_DIR=/Applications/Xcode.app/Contents/PlugIns/Xcode3Core.ideplugin/Contents/SharedSupport/Developer/Library
[TRACE]      export PLATFORM_DEVELOPER_SDK_DIR=/Applications/Xcode.app/Contents/Developer/Platforms/iPhoneOS.platform/Developer/SDKs
[TRACE]      export PLATFORM_DEVELOPER_TOOLS_DIR=/Applications/Xcode.app/Contents/Developer/Platforms/iPhoneOS.platform/Developer/Tools
[TRACE]      export PLATFORM_DEVELOPER_USR_DIR=/Applications/Xcode.app/Contents/Developer/Platforms/iPhoneOS.platform/Developer/usr
[TRACE]      export PLATFORM_DIR=/Applications/Xcode.app/Contents/Developer/Platforms/iPhoneOS.platform
[TRACE]      export PLATFORM_NAME=iphoneos
[TRACE]      export PLATFORM_PREFERRED_ARCH=arm64
[TRACE]      export PLATFORM_PRODUCT_BUILD_VERSION=12H141
[TRACE]      export PLIST_FILE_OUTPUT_FORMAT=binary
[TRACE]      export PLUGINS_FOLDER_PATH=Testing.app/PlugIns
[TRACE]      export PRECOMPS_INCLUDE_HEADERS_FROM_BUILT_PRODUCTS_DIR=YES
[TRACE]      export PRECOMP_DESTINATION_DIR=/Users/xdeveloper/Desktop/Testing/build/iphone/build/Intermediates/Testing.build/Debug-iphoneos/Testing.build/PrefixHeaders
[TRACE]      export PRESERVE_DEAD_CODE_INITS_AND_TERMS=NO
[TRACE]      export PRIVATE_HEADERS_FOLDER_PATH=Testing.app/PrivateHeaders
[TRACE]      export PRODUCT_MODULE_NAME=Testing
[TRACE]      export PRODUCT_NAME=Testing
[TRACE]      export PRODUCT_SETTINGS_PATH=/Users/xdeveloper/Desktop/Testing/build/iphone/Info.plist
[TRACE]      export PRODUCT_TYPE=com.apple.product-type.application
[TRACE]      export PROFILING_CODE=NO
[TRACE]      export PROJECT=Testing
[TRACE]      export PROJECT_DERIVED_FILE_DIR=/Users/xdeveloper/Desktop/Testing/build/iphone/build/Intermediates/Testing.build/DerivedSources
[TRACE]      export PROJECT_DIR=/Users/xdeveloper/Desktop/Testing/build/iphone
[TRACE]      export PROJECT_FILE_PATH=/Users/xdeveloper/Desktop/Testing/build/iphone/Testing.xcodeproj
[TRACE]      export PROJECT_NAME=Testing
[TRACE]      export PROJECT_TEMP_DIR=/Users/xdeveloper/Desktop/Testing/build/iphone/build/Intermediates/Testing.build
[TRACE]      export PROJECT_TEMP_ROOT=/Users/xdeveloper/Desktop/Testing/build/iphone/build/Intermediates
[TRACE]      export PROVISIONING_PROFILE=5f85b158-939f-4d46-8930-3452f038b135
[TRACE]      export PROVISIONING_PROFILE_REQUIRED=YES
[TRACE]      export PUBLIC_HEADERS_FOLDER_PATH=Testing.app/Headers
[TRACE]      export RECURSIVE_SEARCH_PATHS_FOLLOW_SYMLINKS=YES
[TRACE]      export REMOVE_CVS_FROM_RESOURCES=YES
[TRACE]      export REMOVE_GIT_FROM_RESOURCES=YES
[TRACE]      export REMOVE_HEADERS_FROM_EMBEDDED_BUNDLES=YES
[TRACE]      export REMOVE_HG_FROM_RESOURCES=YES
[TRACE]      export REMOVE_SVN_FROM_RESOURCES=YES
[TRACE]      export RESOURCE_RULES_REQUIRED=YES
[TRACE]      export REZ_COLLECTOR_DIR=/Users/xdeveloper/Desktop/Testing/build/iphone/build/Intermediates/Testing.build/Debug-iphoneos/Testing.build/ResourceManagerResources
[TRACE]      export REZ_OBJECTS_DIR=/Users/xdeveloper/Desktop/Testing/build/iphone/build/Intermediates/Testing.build/Debug-iphoneos/Testing.build/ResourceManagerResources/Objects
[TRACE]      export REZ_SEARCH_PATHS="/Users/xdeveloper/Desktop/Testing/build/iphone/build/Products/Debug-iphoneos "
[TRACE]      export SCAN_ALL_SOURCE_FILES_FOR_INCLUDES=NO
[TRACE]      export SCRIPTS_FOLDER_PATH=Testing.app/Scripts
[TRACE]      export SDKROOT=/Applications/Xcode.app/Contents/Developer/Platforms/iPhoneOS.platform/Developer/SDKs/iPhoneOS8.4.sdk
[TRACE]      export SDK_DIR=/Applications/Xcode.app/Contents/Developer/Platforms/iPhoneOS.platform/Developer/SDKs/iPhoneOS8.4.sdk
[TRACE]      export SDK_NAME=iphoneos8.4
[TRACE]      export SDK_PRODUCT_BUILD_VERSION=12H141
[TRACE]      export SED=/usr/bin/sed
[TRACE]      export SEPARATE_STRIP=NO
[TRACE]      export SEPARATE_SYMBOL_EDIT=NO
[TRACE]      export SET_DIR_MODE_OWNER_GROUP=YES
[TRACE]      export SET_FILE_MODE_OWNER_GROUP=NO
[TRACE]      export SHALLOW_BUNDLE=YES
[TRACE]      export SHARED_DERIVED_FILE_DIR=/Users/xdeveloper/Desktop/Testing/build/iphone/build/Products/Debug-iphoneos/DerivedSources
[TRACE]      export SHARED_FRAMEWORKS_FOLDER_PATH=Testing.app/SharedFrameworks
[TRACE]      export SHARED_PRECOMPS_DIR=/Users/xdeveloper/Desktop/Testing/build/iphone/build/Intermediates/PrecompiledHeaders
[TRACE]      export SHARED_SUPPORT_FOLDER_PATH=Testing.app/SharedSupport
[TRACE]      export SKIP_INSTALL=NO
[TRACE]      export SOURCE_ROOT=/Users/xdeveloper/Desktop/Testing/build/iphone
[TRACE]      export SRCROOT=/Users/xdeveloper/Desktop/Testing/build/iphone
[TRACE]      export STRINGS_FILE_OUTPUT_ENCODING=binary
[TRACE]      export STRIP_INSTALLED_PRODUCT=YES
[TRACE]      export STRIP_STYLE=all
[TRACE]      export SUPPORTED_DEVICE_FAMILIES=1,2
[TRACE]      export SUPPORTED_PLATFORMS="iphonesimulator iphoneos"
[TRACE]      export SYMROOT=/Users/xdeveloper/Desktop/Testing/build/iphone/build/Products
[TRACE]      export SYSTEM_ADMIN_APPS_DIR=/Applications/Utilities
[TRACE]      export SYSTEM_APPS_DIR=/Applications
[TRACE]      export SYSTEM_CORE_SERVICES_DIR=/System/Library/CoreServices
[TRACE]      export SYSTEM_DEMOS_DIR=/Applications/Extras
[TRACE]      export SYSTEM_DEVELOPER_APPS_DIR=/Applications/Xcode.app/Contents/Developer/Applications
[TRACE]      export SYSTEM_DEVELOPER_BIN_DIR=/Applications/Xcode.app/Contents/Developer/usr/bin
[TRACE]      export SYSTEM_DEVELOPER_DEMOS_DIR="/Applications/Xcode.app/Contents/Developer/Applications/Utilities/Built Examples"
[TRACE]      export SYSTEM_DEVELOPER_DIR=/Applications/Xcode.app/Contents/Developer
[TRACE]      export SYSTEM_DEVELOPER_DOC_DIR="/Applications/Xcode.app/Contents/Developer/ADC Reference Library"
[TRACE]      export SYSTEM_DEVELOPER_GRAPHICS_TOOLS_DIR="/Applications/Xcode.app/Contents/Developer/Applications/Graphics Tools"
[TRACE]      export SYSTEM_DEVELOPER_JAVA_TOOLS_DIR="/Applications/Xcode.app/Contents/Developer/Applications/Java Tools"
[TRACE]      export SYSTEM_DEVELOPER_PERFORMANCE_TOOLS_DIR="/Applications/Xcode.app/Contents/Developer/Applications/Performance Tools"
[TRACE]      export SYSTEM_DEVELOPER_RELEASENOTES_DIR="/Applications/Xcode.app/Contents/Developer/ADC Reference Library/releasenotes"
[TRACE]      export SYSTEM_DEVELOPER_TOOLS=/Applications/Xcode.app/Contents/Developer/Tools
[TRACE]      export SYSTEM_DEVELOPER_TOOLS_DOC_DIR="/Applications/Xcode.app/Contents/Developer/ADC Reference Library/documentation/DeveloperTools"
[TRACE]      export SYSTEM_DEVELOPER_TOOLS_RELEASENOTES_DIR="/Applications/Xcode.app/Contents/Developer/ADC Reference Library/releasenotes/DeveloperTools"
[TRACE]      export SYSTEM_DEVELOPER_USR_DIR=/Applications/Xcode.app/Contents/Developer/usr
[TRACE]      export SYSTEM_DEVELOPER_UTILITIES_DIR=/Applications/Xcode.app/Contents/Developer/Applications/Utilities
[TRACE]      export SYSTEM_DOCUMENTATION_DIR=/Library/Documentation
[TRACE]      export SYSTEM_KEXT_INSTALL_PATH=/System/Library/Extensions
[TRACE]      export SYSTEM_LIBRARY_DIR=/System/Library
[TRACE]      export TARGETED_DEVICE_FAMILY=1
[TRACE]      export TARGETNAME=Testing
[TRACE]      export TARGET_BUILD_DIR=/Users/xdeveloper/Desktop/Testing/build/iphone/build/Products/Debug-iphoneos
[TRACE]      export TARGET_NAME=Testing
[TRACE]      export TARGET_TEMP_DIR=/Users/xdeveloper/Desktop/Testing/build/iphone/build/Intermediates/Testing.build/Debug-iphoneos/Testing.build
[TRACE]      export TEMP_DIR=/Users/xdeveloper/Desktop/Testing/build/iphone/build/Intermediates/Testing.build/Debug-iphoneos/Testing.build
[TRACE]      export TEMP_FILES_DIR=/Users/xdeveloper/Desktop/Testing/build/iphone/build/Intermediates/Testing.build/Debug-iphoneos/Testing.build
[TRACE]      export TEMP_FILE_DIR=/Users/xdeveloper/Desktop/Testing/build/iphone/build/Intermediates/Testing.build/Debug-iphoneos/Testing.build
[TRACE]      export TEMP_ROOT=/Users/xdeveloper/Desktop/Testing/build/iphone/build/Intermediates
[TRACE]      export TICORE_LD_FLAGS="-weak-lti_ios_profiler -weak-lti_ios_debugger -weak-lTiCore"
[TRACE]      export TI_APPID=hk.edu.hkbu.comp.mac
[TRACE]      export TI_SDK_DIR="/Users/xdeveloper/Library/Application Support/Titanium/mobilesdk/osx/5.1.1.GA/iphone"
[TRACE]      export TI_VERSION=5.1.1
[TRACE]      export TOOLCHAINS=com.apple.dt.toolchain.iOS8_4
[TRACE]      export TREAT_MISSING_BASELINES_AS_TEST_FAILURES=NO
[TRACE]      export UID=503
[TRACE]      export UNLOCALIZED_RESOURCES_FOLDER_PATH=Testing.app
[TRACE]      export UNSTRIPPED_PRODUCT=NO
[TRACE]      export USER=xdeveloper
[TRACE]      export USER_APPS_DIR=/Users/xdeveloper/Applications
[TRACE]      export USER_LIBRARY_DIR=/Users/xdeveloper/Library
[TRACE]      export USE_DYNAMIC_NO_PIC=YES
[TRACE]      export USE_HEADERMAP=YES
[TRACE]      export USE_HEADER_SYMLINKS=NO
[TRACE]      export VALIDATE_PRODUCT=NO
[TRACE]      export VALID_ARCHS="arm64 armv7 armv7s"
[TRACE]      export VERBOSE_PBXCP=NO
[TRACE]      export VERSIONPLIST_PATH=Testing.app/version.plist
[TRACE]      export VERSION_INFO_BUILDER=xdeveloper
[TRACE]      export VERSION_INFO_FILE=Testing_vers.c
[TRACE]      export VERSION_INFO_STRING="\"@(#)PROGRAM:Testing  PROJECT:Testing-\""
[TRACE]      export WRAPPER_EXTENSION=app
[TRACE]      export WRAPPER_NAME=Testing.app
[TRACE]      export WRAPPER_SUFFIX=.app
[TRACE]      export XCODE_APP_SUPPORT_DIR=/Applications/Xcode.app/Contents/Developer/Library/Xcode
[TRACE]      export XCODE_PRODUCT_BUILD_VERSION=6E35b
[TRACE]      export XCODE_VERSION_ACTUAL=0640
[TRACE]      export XCODE_VERSION_MAJOR=0600
[TRACE]      export XCODE_VERSION_MINOR=0640
[TRACE]      export XPCSERVICES_FOLDER_PATH=Testing.app/XPCServices
[TRACE]      export YACC=yacc
[TRACE]      export arch=arm64
[TRACE]      export variant=normal
[TRACE]      /Applications/Xcode.app/Contents/Developer/Toolchains/XcodeDefault.xctoolchain/usr/bin/swift-stdlib-tool --verbose --copy
[TRACE]  
[TRACE]  CodeSign build/Products/Debug-iphoneos/Testing.app
[TRACE]      cd /Users/xdeveloper/Desktop/Testing/build/iphone
[TRACE]      export CODESIGN_ALLOCATE=/Applications/Xcode.app/Contents/Developer/Toolchains/XcodeDefault.xctoolchain/usr/bin/codesign_allocate
[TRACE]      export PATH="/Applications/Xcode.app/Contents/Developer/Platforms/iPhoneOS.platform/Developer/usr/bin:/Applications/Xcode.app/Contents/Developer/usr/bin:/Library/Java/JavaVirtualMachines/jdk1.7.0_79.jdk/Contents/Home/bin:/usr/local/bin:/usr/bin:/bin:/usr/sbin:/sbin"
[TRACE]      
[TRACE]  Signing Identity:     "iPhone Developer: CS Mac Lab (6X7M63YKUZ)"
[TRACE]  Provisioning Profile: "iOS Team Provisioning Profile: hk.edu.hkbu.comp.mac"
[TRACE]                        (5f85b158-939f-4d46-8930-3452f038b135)
[TRACE]      /usr/bin/codesign --force --sign A136FE1AC102A52AB2C6BF5F4A433061EB81821B --entitlements /Users/xdeveloper/Desktop/Testing/build/iphone/build/Intermediates/Testing.build/Debug-iphoneos/Testing.build/Testing.app.xcent /Users/xdeveloper/Desktop/Testing/build/iphone/build/Products/Debug-iphoneos/Testing.app
[TRACE]  
[TRACE]  Touch build/Products/Debug-iphoneos/Testing.app.dSYM
[TRACE]      cd /Users/xdeveloper/Desktop/Testing/build/iphone
[TRACE]      export PATH="/Applications/Xcode.app/Contents/Developer/Platforms/iPhoneOS.platform/Developer/usr/bin:/Applications/Xcode.app/Contents/Developer/usr/bin:/Library/Java/JavaVirtualMachines/jdk1.7.0_79.jdk/Contents/Home/bin:/usr/local/bin:/usr/bin:/bin:/usr/sbin:/sbin"
[TRACE]      /usr/bin/touch -c /Users/xdeveloper/Desktop/Testing/build/iphone/build/Products/Debug-iphoneos/Testing.app.dSYM
[TRACE]  
[TRACE]  ** BUILD SUCCEEDED **
[INFO]   Finished building the application in 31s 728ms
[INFO]   Installing app on device:  iPhone
[INFO]   App successfully installed on device:  iPhone